2021-04-08 10:01:15.382 +02:00 [INF] Please setup your database in order to have the RabbitMq messaging backup feature
2021-04-08 10:01:18.693 +02:00 [INF] Please setup your database in order to have the RabbitMq messaging backup feature
2021-04-08 10:01:24.763 +02:00 [DBG] Hosting starting
2021-04-08 10:01:24.942 +02:00 [INF] User profile is available. Using 'C:\Users\jugalleg\AppData\Local\ASP.NET\DataProtection-Keys' as key repository and Windows DPAPI to encrypt keys at rest.
2021-04-08 10:01:25.170 +02:00 [DBG] Reading data from file 'C:\Users\jugalleg\AppData\Local\ASP.NET\DataProtection-Keys\key-760ee4eb-9dd8-44e3-93a8-71a1e7282097.xml'.
2021-04-08 10:01:25.237 +02:00 [DBG] Found key {760ee4eb-9dd8-44e3-93a8-71a1e7282097}.
2021-04-08 10:01:25.272 +02:00 [DBG] Considering key {760ee4eb-9dd8-44e3-93a8-71a1e7282097} with expiration date 2021-06-23 13:03:50Z as default key.
2021-04-08 10:01:25.290 +02:00 [DBG] Forwarded activator type request from Microsoft.AspNetCore.DataProtection.XmlEncryption.DpapiXmlDecryptor, Microsoft.AspNetCore.DataProtection, Version=3.1.13.0, Culture=neutral, PublicKeyToken=adb9793829ddae60 to Microsoft.AspNetCore.DataProtection.XmlEncryption.DpapiXmlDecryptor, Microsoft.AspNetCore.DataProtection, Culture=neutral, PublicKeyToken=adb9793829ddae60
2021-04-08 10:01:25.298 +02:00 [DBG] Decrypting secret element using Windows DPAPI.
2021-04-08 10:01:25.303 +02:00 [DBG] Forwarded activator type request from Microsoft.AspNetCore.DataProtection.AuthenticatedEncryption.ConfigurationModel.AuthenticatedEncryptorDescriptorDeserializer, Microsoft.AspNetCore.DataProtection, Version=3.1.13.0, Culture=neutral, PublicKeyToken=adb9793829ddae60 to Microsoft.AspNetCore.DataProtection.AuthenticatedEncryption.ConfigurationModel.AuthenticatedEncryptorDescriptorDeserializer, Microsoft.AspNetCore.DataProtection, Culture=neutral, PublicKeyToken=adb9793829ddae60
2021-04-08 10:01:25.318 +02:00 [DBG] Opening CNG algorithm 'AES' from provider 'null' with chaining mode CBC.
2021-04-08 10:01:25.327 +02:00 [DBG] Opening CNG algorithm 'SHA256' from provider 'null' with HMAC.
2021-04-08 10:01:25.350 +02:00 [DBG] Using key {760ee4eb-9dd8-44e3-93a8-71a1e7282097} as the default key.
2021-04-08 10:01:25.354 +02:00 [DBG] Key ring with default key {760ee4eb-9dd8-44e3-93a8-71a1e7282097} was loaded during application startup.
2021-04-08 10:01:25.598 +02:00 [DBG] Registered model binder providers, in the following order: ["Microsoft.AspNetCore.Mvc.ModelBinding.Binders.BinderTypeModelBinderProvider","Microsoft.AspNetCore.Mvc.ModelBinding.Binders.ServicesModelBinderProvider","Microsoft.AspNetCore.Mvc.ModelBinding.Binders.BodyModelBinderProvider","Microsoft.AspNetCore.Mvc.ModelBinding.Binders.HeaderModelBinderProvider","Microsoft.AspNetCore.Mvc.ModelBinding.Binders.FloatingPointTypeModelBinderProvider","Microsoft.AspNetCore.Mvc.ModelBinding.Binders.EnumTypeModelBinderProvider","Microsoft.AspNetCore.Mvc.ModelBinding.Binders.SimpleTypeModelBinderProvider","Microsoft.AspNetCore.Mvc.ModelBinding.Binders.CancellationTokenModelBinderProvider","Microsoft.AspNetCore.Mvc.ModelBinding.Binders.ByteArrayModelBinderProvider","Microsoft.AspNetCore.Mvc.ModelBinding.Binders.FormFileModelBinderProvider","Microsoft.AspNetCore.Mvc.ModelBinding.Binders.FormCollectionModelBinderProvider","Microsoft.AspNetCore.Mvc.ModelBinding.Binders.KeyValuePairModelBinderProvider","Microsoft.AspNetCore.Mvc.ModelBinding.Binders.DictionaryModelBinderProvider","Microsoft.AspNetCore.Mvc.ModelBinding.Binders.ArrayModelBinderProvider","Microsoft.AspNetCore.Mvc.ModelBinding.Binders.CollectionModelBinderProvider","Microsoft.AspNetCore.Mvc.ModelBinding.Binders.ComplexTypeModelBinderProvider"]
2021-04-08 10:01:25.724 +02:00 [DBG] Initializing Razor view compiler with no compiled views.
2021-04-08 10:01:25.820 +02:00 [DBG] Failed to locate the development https certificate at 'null'.
2021-04-08 10:01:25.834 +02:00 [WRN] Overriding address(es) 'https://localhost:8085'. Binding to endpoints defined in UseKestrel() instead.
2021-04-08 10:01:25.914 +02:00 [INF] Now listening on: https://0.0.0.0:8085
2021-04-08 10:01:25.916 +02:00 [DBG] Loaded hosting startup assembly Devon4Net.Application.WebAPI
2021-04-08 10:01:25.919 +02:00 [INF] Application started. Press Ctrl+C to shut down.
2021-04-08 10:01:25.921 +02:00 [INF] Hosting environment: Development
2021-04-08 10:01:25.923 +02:00 [INF] Content root path: C:\Juan\Projects\devon4net\source\Templates\WebAPI\Devon4Net.Application.WebAPI
2021-04-08 10:01:25.926 +02:00 [DBG] Hosting started
2021-04-08 10:01:26.200 +02:00 [DBG] Connection id "0HM7QCI13NU3A" accepted.
2021-04-08 10:01:26.212 +02:00 [DBG] Connection id "0HM7QCI13NU3A" started.
2021-04-08 10:01:26.311 +02:00 [DBG] Connection id "0HM7QCI13NU3A" received FIN.
2021-04-08 10:01:26.522 +02:00 [DBG] Failed to authenticate HTTPS connection.
System.IO.IOException: Authentication failed because the remote party has closed the transport stream.
   at System.Net.Security.SslStream.StartReadFrame(Byte[] buffer, Int32 readBytes, AsyncProtocolRequest asyncRequest)
   at System.Net.Security.SslStream.PartialFrameCallback(AsyncProtocolRequest asyncRequest)
--- End of stack trace from previous location where exception was thrown ---
   at System.Net.Security.SslStream.ThrowIfExceptional()
   at System.Net.Security.SslStream.InternalEndProcessAuthentication(LazyAsyncResult lazyResult)
   at System.Net.Security.SslStream.EndProcessAuthentication(IAsyncResult result)
   at System.Net.Security.SslStream.EndAuthenticateAsServer(IAsyncResult asyncResult)
   at System.Net.Security.SslStream.<>c.<AuthenticateAsServerAsync>b__69_1(IAsyncResult iar)
   at System.Threading.Tasks.TaskFactory`1.FromAsyncCoreLogic(IAsyncResult iar, Func`2 endFunction, Action`1 endAction, Task`1 promise, Boolean requiresSynchronization)
--- End of stack trace from previous location where exception was thrown ---
   at Microsoft.AspNetCore.Server.Kestrel.Https.Internal.HttpsConnectionMiddleware.InnerOnConnectionAsync(ConnectionContext context)
2021-04-08 10:01:26.946 +02:00 [DBG] Connection id "0HM7QCI13NU3A" stopped.
2021-04-08 10:01:26.961 +02:00 [DBG] Connection id "0HM7QCI13NU3A" sending FIN because: "The Socket transport's send loop completed gracefully."
2021-04-08 10:01:29.203 +02:00 [DBG] Connection id "0HM7QCI13NU3B" accepted.
2021-04-08 10:01:30.675 +02:00 [DBG] Connection id "0HM7QCI13NU3B" started.
2021-04-08 10:01:30.703 +02:00 [DBG] Connection id "0HM7QCI13NU3C" accepted.
2021-04-08 10:01:30.904 +02:00 [DBG] Connection id "0HM7QCI13NU3C" started.
2021-04-08 10:01:31.030 +02:00 [DBG] Connection id "0HM7QCI13NU3D" accepted.
2021-04-08 10:01:31.199 +02:00 [DBG] Connection id "0HM7QCI13NU3D" started.
2021-04-08 10:01:32.071 +02:00 [DBG] Connection id "0HM7QCI13NU3C" received FIN.
2021-04-08 10:01:32.100 +02:00 [DBG] Failed to authenticate HTTPS connection.
System.Security.Authentication.AuthenticationException: Authentication failed, see inner exception.
 ---> System.ComponentModel.Win32Exception (0x80090327): An unknown error occurred while processing the certificate.
   --- End of inner exception stack trace ---
   at System.Net.Security.SslStream.StartSendAuthResetSignal(ProtocolToken message, AsyncProtocolRequest asyncRequest, ExceptionDispatchInfo exception)
   at System.Net.Security.SslStream.CheckCompletionBeforeNextReceive(ProtocolToken message, AsyncProtocolRequest asyncRequest)
   at System.Net.Security.SslStream.StartSendBlob(Byte[] incoming, Int32 count, AsyncProtocolRequest asyncRequest)
   at System.Net.Security.SslStream.ProcessReceivedBlob(Byte[] buffer, Int32 count, AsyncProtocolRequest asyncRequest)
   at System.Net.Security.SslStream.StartReadFrame(Byte[] buffer, Int32 readBytes, AsyncProtocolRequest asyncRequest)
   at System.Net.Security.SslStream.PartialFrameCallback(AsyncProtocolRequest asyncRequest)
--- End of stack trace from previous location where exception was thrown ---
   at System.Net.Security.SslStream.ThrowIfExceptional()
   at System.Net.Security.SslStream.InternalEndProcessAuthentication(LazyAsyncResult lazyResult)
   at System.Net.Security.SslStream.EndProcessAuthentication(IAsyncResult result)
   at System.Net.Security.SslStream.EndAuthenticateAsServer(IAsyncResult asyncResult)
   at System.Net.Security.SslStream.<>c.<AuthenticateAsServerAsync>b__69_1(IAsyncResult iar)
   at System.Threading.Tasks.TaskFactory`1.FromAsyncCoreLogic(IAsyncResult iar, Func`2 endFunction, Action`1 endAction, Task`1 promise, Boolean requiresSynchronization)
--- End of stack trace from previous location where exception was thrown ---
   at Microsoft.AspNetCore.Server.Kestrel.Https.Internal.HttpsConnectionMiddleware.InnerOnConnectionAsync(ConnectionContext context)
2021-04-08 10:01:32.100 +02:00 [DBG] Failed to authenticate HTTPS connection.
System.Security.Authentication.AuthenticationException: Authentication failed, see inner exception.
 ---> System.ComponentModel.Win32Exception (0x80090327): An unknown error occurred while processing the certificate.
   --- End of inner exception stack trace ---
   at System.Net.Security.SslStream.StartSendAuthResetSignal(ProtocolToken message, AsyncProtocolRequest asyncRequest, ExceptionDispatchInfo exception)
   at System.Net.Security.SslStream.CheckCompletionBeforeNextReceive(ProtocolToken message, AsyncProtocolRequest asyncRequest)
   at System.Net.Security.SslStream.StartSendBlob(Byte[] incoming, Int32 count, AsyncProtocolRequest asyncRequest)
   at System.Net.Security.SslStream.ProcessReceivedBlob(Byte[] buffer, Int32 count, AsyncProtocolRequest asyncRequest)
   at System.Net.Security.SslStream.StartReadFrame(Byte[] buffer, Int32 readBytes, AsyncProtocolRequest asyncRequest)
   at System.Net.Security.SslStream.PartialFrameCallback(AsyncProtocolRequest asyncRequest)
--- End of stack trace from previous location where exception was thrown ---
   at System.Net.Security.SslStream.ThrowIfExceptional()
   at System.Net.Security.SslStream.InternalEndProcessAuthentication(LazyAsyncResult lazyResult)
   at System.Net.Security.SslStream.EndProcessAuthentication(IAsyncResult result)
   at System.Net.Security.SslStream.EndAuthenticateAsServer(IAsyncResult asyncResult)
   at System.Net.Security.SslStream.<>c.<AuthenticateAsServerAsync>b__69_1(IAsyncResult iar)
   at System.Threading.Tasks.TaskFactory`1.FromAsyncCoreLogic(IAsyncResult iar, Func`2 endFunction, Action`1 endAction, Task`1 promise, Boolean requiresSynchronization)
--- End of stack trace from previous location where exception was thrown ---
   at Microsoft.AspNetCore.Server.Kestrel.Https.Internal.HttpsConnectionMiddleware.InnerOnConnectionAsync(ConnectionContext context)
2021-04-08 10:01:32.078 +02:00 [DBG] Connection id "0HM7QCI13NU3B" received FIN.
2021-04-08 10:01:32.104 +02:00 [DBG] Failed to authenticate HTTPS connection.
System.Security.Authentication.AuthenticationException: Authentication failed, see inner exception.
 ---> System.ComponentModel.Win32Exception (0x80090327): An unknown error occurred while processing the certificate.
   --- End of inner exception stack trace ---
   at System.Net.Security.SslStream.StartSendAuthResetSignal(ProtocolToken message, AsyncProtocolRequest asyncRequest, ExceptionDispatchInfo exception)
   at System.Net.Security.SslStream.CheckCompletionBeforeNextReceive(ProtocolToken message, AsyncProtocolRequest asyncRequest)
   at System.Net.Security.SslStream.StartSendBlob(Byte[] incoming, Int32 count, AsyncProtocolRequest asyncRequest)
   at System.Net.Security.SslStream.ProcessReceivedBlob(Byte[] buffer, Int32 count, AsyncProtocolRequest asyncRequest)
   at System.Net.Security.SslStream.StartReadFrame(Byte[] buffer, Int32 readBytes, AsyncProtocolRequest asyncRequest)
   at System.Net.Security.SslStream.PartialFrameCallback(AsyncProtocolRequest asyncRequest)
--- End of stack trace from previous location where exception was thrown ---
   at System.Net.Security.SslStream.ThrowIfExceptional()
   at System.Net.Security.SslStream.InternalEndProcessAuthentication(LazyAsyncResult lazyResult)
   at System.Net.Security.SslStream.EndProcessAuthentication(IAsyncResult result)
   at System.Net.Security.SslStream.EndAuthenticateAsServer(IAsyncResult asyncResult)
   at System.Net.Security.SslStream.<>c.<AuthenticateAsServerAsync>b__69_1(IAsyncResult iar)
   at System.Threading.Tasks.TaskFactory`1.FromAsyncCoreLogic(IAsyncResult iar, Func`2 endFunction, Action`1 endAction, Task`1 promise, Boolean requiresSynchronization)
--- End of stack trace from previous location where exception was thrown ---
   at Microsoft.AspNetCore.Server.Kestrel.Https.Internal.HttpsConnectionMiddleware.InnerOnConnectionAsync(ConnectionContext context)
2021-04-08 10:01:32.469 +02:00 [DBG] Connection id "0HM7QCI13NU3D" stopped.
2021-04-08 10:01:32.405 +02:00 [DBG] Connection id "0HM7QCI13NU3E" accepted.
2021-04-08 10:01:32.757 +02:00 [DBG] Connection id "0HM7QCI13NU3B" stopped.
2021-04-08 10:01:33.063 +02:00 [DBG] Connection id "0HM7QCI13NU3E" started.
2021-04-08 10:01:33.069 +02:00 [DBG] Connection id "0HM7QCI13NU3F" accepted.
2021-04-08 10:01:33.089 +02:00 [DBG] Connection id "0HM7QCI13NU3B" sending FIN because: "The Socket transport's send loop completed gracefully."
2021-04-08 10:01:33.144 +02:00 [DBG] Connection id "0HM7QCI13NU3F" started.
2021-04-08 10:01:33.034 +02:00 [DBG] Connection id "0HM7QCI13NU3C" stopped.
2021-04-08 10:01:32.078 +02:00 [DBG] Connection id "0HM7QCI13NU3D" received FIN.
2021-04-08 10:01:33.400 +02:00 [DBG] Connection id "0HM7QCI13NU3C" sending FIN because: "The Socket transport's send loop completed gracefully."
2021-04-08 10:01:33.403 +02:00 [DBG] Connection id "0HM7QCI13NU3D" sending FIN because: "The Socket transport's send loop completed gracefully."
2021-04-08 10:01:33.702 +02:00 [INF] Request starting HTTP/2 GET https://localhost:8085/swagger/index.html  
2021-04-08 10:01:33.728 +02:00 [DBG] Wildcard detected, all requests with hosts will be allowed.
2021-04-08 10:01:33.750 +02:00 [DBG] The host 'localhost' is excluded. Skipping HSTS header.
2021-04-08 10:01:33.856 +02:00 [DBG] The request path /swagger/index.html does not match an existing file
2021-04-08 10:01:33.936 +02:00 [DBG] AcceptLanguageHeaderRequestCultureProvider returned the following unsupported cultures '["en-US","en"]'.
2021-04-08 10:01:34.637 +02:00 [INF] Request finished in 951.281ms 200 text/html;charset=utf-8
2021-04-08 10:01:34.961 +02:00 [INF] Request starting HTTP/2 GET https://localhost:8085/swagger/swagger-ui-bundle.js  
2021-04-08 10:01:34.987 +02:00 [INF] Request starting HTTP/2 GET https://localhost:8085/swagger/swagger-ui-standalone-preset.js  
2021-04-08 10:01:34.987 +02:00 [INF] Request starting HTTP/2 GET https://localhost:8085/swagger/swagger-ui.css  
2021-04-08 10:01:35.613 +02:00 [DBG] Connection id "0HM7QCI13NU3F" received FIN.
2021-04-08 10:01:35.621 +02:00 [DBG] The host 'localhost' is excluded. Skipping HSTS header.
2021-04-08 10:01:35.716 +02:00 [DBG] Connection id "0HM7QCI13NU3F" is closed. The last processed stream ID was 0.
2021-04-08 10:01:35.629 +02:00 [DBG] The host 'localhost' is excluded. Skipping HSTS header.
2021-04-08 10:01:35.654 +02:00 [DBG] The host 'localhost' is excluded. Skipping HSTS header.
2021-04-08 10:01:35.864 +02:00 [DBG] The request path /swagger/swagger-ui-bundle.js does not match an existing file
2021-04-08 10:01:35.868 +02:00 [DBG] Connection id "0HM7QCI13NU3F" sending FIN because: "The client closed the connection."
2021-04-08 10:01:35.872 +02:00 [DBG] The request path /swagger/swagger-ui-standalone-preset.js does not match an existing file
2021-04-08 10:01:35.901 +02:00 [DBG] The request path /swagger/swagger-ui.css does not match an existing file
2021-04-08 10:01:35.910 +02:00 [DBG] AcceptLanguageHeaderRequestCultureProvider returned the following unsupported cultures '["en-US","en"]'.
2021-04-08 10:01:35.935 +02:00 [DBG] AcceptLanguageHeaderRequestCultureProvider returned the following unsupported cultures '["en-US","en"]'.
2021-04-08 10:01:35.950 +02:00 [DBG] Connection id "0HM7QCI13NU3F" stopped.
2021-04-08 10:01:35.957 +02:00 [DBG] AcceptLanguageHeaderRequestCultureProvider returned the following unsupported cultures '["en-US","en"]'.
2021-04-08 10:01:37.549 +02:00 [INF] Sending file. Request path: '/swagger-ui-standalone-preset.js'. Physical path: 'N/A'
2021-04-08 10:01:38.187 +02:00 [INF] Sending file. Request path: '/swagger-ui-bundle.js'. Physical path: 'N/A'
2021-04-08 10:01:38.369 +02:00 [INF] Sending file. Request path: '/swagger-ui.css'. Physical path: 'N/A'
2021-04-08 10:01:38.382 +02:00 [INF] Request finished in 3394.7782ms 200 application/javascript
2021-04-08 10:01:38.382 +02:00 [INF] Request finished in 3421.4209ms 200 application/javascript
2021-04-08 10:01:38.388 +02:00 [INF] Request finished in 3400.5849ms 200 text/css
2021-04-08 10:01:39.233 +02:00 [INF] Request starting HTTP/2 GET https://localhost:8085/swagger/v1/swagger.json  
2021-04-08 10:01:39.239 +02:00 [DBG] The host 'localhost' is excluded. Skipping HSTS header.
2021-04-08 10:01:39.245 +02:00 [DBG] The request path /swagger/v1/swagger.json does not match an existing file
2021-04-08 10:01:39.250 +02:00 [DBG] AcceptLanguageHeaderRequestCultureProvider returned the following unsupported cultures '["en-US","en"]'.
2021-04-08 10:01:44.085 +02:00 [INF] Request finished in 4852.0073ms 200 application/json;charset=utf-8
2021-04-08 10:01:45.616 +02:00 [DBG] Connection id "0HM7QCI13NU3E" received FIN.
2021-04-08 10:01:45.680 +02:00 [DBG] Connection id "0HM7QCI13NU3E" is closed. The last processed stream ID was 9.
2021-04-08 10:01:45.703 +02:00 [DBG] Connection id "0HM7QCI13NU3E" sending FIN because: "The client closed the connection."
2021-04-08 10:01:45.757 +02:00 [DBG] Connection id "0HM7QCI13NU3E" stopped.
2021-04-08 12:50:38.013 +02:00 [INF] Please setup your database in order to have the RabbitMq messaging backup feature
2021-04-08 12:50:38.714 +02:00 [INF] Please setup your database in order to have the RabbitMq messaging backup feature
2021-04-08 13:12:15.253 +02:00 [INF] Please setup your database in order to have the RabbitMq messaging backup feature
2021-04-08 13:12:15.670 +02:00 [INF] Please setup your database in order to have the RabbitMq messaging backup feature
2021-04-08 13:12:20.326 +02:00 [DBG] Hosting starting
2021-04-08 13:12:20.440 +02:00 [INF] User profile is available. Using 'C:\Users\jugalleg\AppData\Local\ASP.NET\DataProtection-Keys' as key repository and Windows DPAPI to encrypt keys at rest.
2021-04-08 13:12:20.556 +02:00 [DBG] Reading data from file 'C:\Users\jugalleg\AppData\Local\ASP.NET\DataProtection-Keys\key-760ee4eb-9dd8-44e3-93a8-71a1e7282097.xml'.
2021-04-08 13:12:20.594 +02:00 [DBG] Found key {760ee4eb-9dd8-44e3-93a8-71a1e7282097}.
2021-04-08 13:12:20.612 +02:00 [DBG] Considering key {760ee4eb-9dd8-44e3-93a8-71a1e7282097} with expiration date 2021-06-23 13:03:50Z as default key.
2021-04-08 13:12:20.631 +02:00 [DBG] Forwarded activator type request from Microsoft.AspNetCore.DataProtection.XmlEncryption.DpapiXmlDecryptor, Microsoft.AspNetCore.DataProtection, Version=3.1.13.0, Culture=neutral, PublicKeyToken=adb9793829ddae60 to Microsoft.AspNetCore.DataProtection.XmlEncryption.DpapiXmlDecryptor, Microsoft.AspNetCore.DataProtection, Culture=neutral, PublicKeyToken=adb9793829ddae60
2021-04-08 13:12:20.645 +02:00 [DBG] Decrypting secret element using Windows DPAPI.
2021-04-08 13:12:20.648 +02:00 [DBG] Forwarded activator type request from Microsoft.AspNetCore.DataProtection.AuthenticatedEncryption.ConfigurationModel.AuthenticatedEncryptorDescriptorDeserializer, Microsoft.AspNetCore.DataProtection, Version=3.1.13.0, Culture=neutral, PublicKeyToken=adb9793829ddae60 to Microsoft.AspNetCore.DataProtection.AuthenticatedEncryption.ConfigurationModel.AuthenticatedEncryptorDescriptorDeserializer, Microsoft.AspNetCore.DataProtection, Culture=neutral, PublicKeyToken=adb9793829ddae60
2021-04-08 13:12:20.657 +02:00 [DBG] Opening CNG algorithm 'AES' from provider 'null' with chaining mode CBC.
2021-04-08 13:12:20.663 +02:00 [DBG] Opening CNG algorithm 'SHA256' from provider 'null' with HMAC.
2021-04-08 13:12:20.667 +02:00 [DBG] Using key {760ee4eb-9dd8-44e3-93a8-71a1e7282097} as the default key.
2021-04-08 13:12:20.672 +02:00 [DBG] Key ring with default key {760ee4eb-9dd8-44e3-93a8-71a1e7282097} was loaded during application startup.
2021-04-08 13:12:20.807 +02:00 [DBG] Registered model binder providers, in the following order: ["Microsoft.AspNetCore.Mvc.ModelBinding.Binders.BinderTypeModelBinderProvider","Microsoft.AspNetCore.Mvc.ModelBinding.Binders.ServicesModelBinderProvider","Microsoft.AspNetCore.Mvc.ModelBinding.Binders.BodyModelBinderProvider","Microsoft.AspNetCore.Mvc.ModelBinding.Binders.HeaderModelBinderProvider","Microsoft.AspNetCore.Mvc.ModelBinding.Binders.FloatingPointTypeModelBinderProvider","Microsoft.AspNetCore.Mvc.ModelBinding.Binders.EnumTypeModelBinderProvider","Microsoft.AspNetCore.Mvc.ModelBinding.Binders.SimpleTypeModelBinderProvider","Microsoft.AspNetCore.Mvc.ModelBinding.Binders.CancellationTokenModelBinderProvider","Microsoft.AspNetCore.Mvc.ModelBinding.Binders.ByteArrayModelBinderProvider","Microsoft.AspNetCore.Mvc.ModelBinding.Binders.FormFileModelBinderProvider","Microsoft.AspNetCore.Mvc.ModelBinding.Binders.FormCollectionModelBinderProvider","Microsoft.AspNetCore.Mvc.ModelBinding.Binders.KeyValuePairModelBinderProvider","Microsoft.AspNetCore.Mvc.ModelBinding.Binders.DictionaryModelBinderProvider","Microsoft.AspNetCore.Mvc.ModelBinding.Binders.ArrayModelBinderProvider","Microsoft.AspNetCore.Mvc.ModelBinding.Binders.CollectionModelBinderProvider","Microsoft.AspNetCore.Mvc.ModelBinding.Binders.ComplexTypeModelBinderProvider"]
2021-04-08 13:12:20.889 +02:00 [DBG] Initializing Razor view compiler with no compiled views.
2021-04-08 13:12:20.961 +02:00 [DBG] Failed to locate the development https certificate at 'null'.
2021-04-08 13:12:20.966 +02:00 [WRN] Overriding address(es) 'https://localhost:8085'. Binding to endpoints defined in UseKestrel() instead.
2021-04-08 13:12:20.998 +02:00 [INF] Now listening on: https://0.0.0.0:8085
2021-04-08 13:12:20.999 +02:00 [DBG] Loaded hosting startup assembly Devon4Net.Application.WebAPI
2021-04-08 13:12:21.002 +02:00 [INF] Application started. Press Ctrl+C to shut down.
2021-04-08 13:12:21.005 +02:00 [INF] Hosting environment: Development
2021-04-08 13:12:21.007 +02:00 [INF] Content root path: C:\Juan\Projects\devon4net\source\Templates\WebAPI\Devon4Net.Application.WebAPI
2021-04-08 13:12:21.022 +02:00 [DBG] Hosting started
2021-04-08 13:12:21.189 +02:00 [DBG] Connection id "0HM7QFSMVDVMF" received FIN.
2021-04-08 13:12:21.191 +02:00 [DBG] Connection id "0HM7QFSMVDVMF" accepted.
2021-04-08 13:12:21.193 +02:00 [DBG] Connection id "0HM7QFSMVDVMF" started.
2021-04-08 13:12:21.212 +02:00 [DBG] Failed to authenticate HTTPS connection.
System.IO.IOException: Authentication failed because the remote party has closed the transport stream.
   at System.Net.Security.SslStream.StartReadFrame(Byte[] buffer, Int32 readBytes, AsyncProtocolRequest asyncRequest)
   at System.Net.Security.SslStream.StartReceiveBlob(Byte[] buffer, AsyncProtocolRequest asyncRequest)
   at System.Net.Security.SslStream.ForceAuthentication(Boolean receiveFirst, Byte[] buffer, AsyncProtocolRequest asyncRequest)
   at System.Net.Security.SslStream.ProcessAuthentication(LazyAsyncResult lazyResult, CancellationToken cancellationToken)
   at System.Net.Security.SslStream.BeginAuthenticateAsServer(SslServerAuthenticationOptions sslServerAuthenticationOptions, CancellationToken cancellationToken, AsyncCallback asyncCallback, Object asyncState)
   at System.Net.Security.SslStream.<>c.<AuthenticateAsServerAsync>b__69_0(SslServerAuthenticationOptions arg1, CancellationToken arg2, AsyncCallback callback, Object state)
   at System.Threading.Tasks.TaskFactory`1.FromAsyncImpl[TArg1,TArg2](Func`5 beginMethod, Func`2 endFunction, Action`1 endAction, TArg1 arg1, TArg2 arg2, Object state, TaskCreationOptions creationOptions)
   at System.Threading.Tasks.TaskFactory.FromAsync[TArg1,TArg2](Func`5 beginMethod, Action`1 endMethod, TArg1 arg1, TArg2 arg2, Object state, TaskCreationOptions creationOptions)
   at System.Threading.Tasks.TaskFactory.FromAsync[TArg1,TArg2](Func`5 beginMethod, Action`1 endMethod, TArg1 arg1, TArg2 arg2, Object state)
   at System.Net.Security.SslStream.AuthenticateAsServerAsync(SslServerAuthenticationOptions sslServerAuthenticationOptions, CancellationToken cancellationToken)
   at Microsoft.AspNetCore.Server.Kestrel.Https.Internal.HttpsConnectionMiddleware.InnerOnConnectionAsync(ConnectionContext context)
2021-04-08 13:12:21.377 +02:00 [DBG] Connection id "0HM7QFSMVDVMF" stopped.
2021-04-08 13:12:21.380 +02:00 [DBG] Connection id "0HM7QFSMVDVMF" sending FIN because: "The Socket transport's send loop completed gracefully."
2021-04-08 13:12:22.566 +02:00 [DBG] Connection id "0HM7QFSMVDVMG" accepted.
2021-04-08 13:12:22.944 +02:00 [DBG] Connection id "0HM7QFSMVDVMH" accepted.
2021-04-08 13:12:22.944 +02:00 [DBG] Connection id "0HM7QFSMVDVMG" started.
2021-04-08 13:12:22.961 +02:00 [DBG] Connection id "0HM7QFSMVDVMH" started.
2021-04-08 13:12:23.387 +02:00 [DBG] Connection id "0HM7QFSMVDVMH" received FIN.
2021-04-08 13:12:23.400 +02:00 [DBG] Connection id "0HM7QFSMVDVMG" received FIN.
2021-04-08 13:12:23.423 +02:00 [DBG] Failed to authenticate HTTPS connection.
System.Security.Authentication.AuthenticationException: Authentication failed, see inner exception.
 ---> System.ComponentModel.Win32Exception (0x80090327): An unknown error occurred while processing the certificate.
   --- End of inner exception stack trace ---
   at System.Net.Security.SslStream.StartSendAuthResetSignal(ProtocolToken message, AsyncProtocolRequest asyncRequest, ExceptionDispatchInfo exception)
   at System.Net.Security.SslStream.CheckCompletionBeforeNextReceive(ProtocolToken message, AsyncProtocolRequest asyncRequest)
   at System.Net.Security.SslStream.StartSendBlob(Byte[] incoming, Int32 count, AsyncProtocolRequest asyncRequest)
   at System.Net.Security.SslStream.ProcessReceivedBlob(Byte[] buffer, Int32 count, AsyncProtocolRequest asyncRequest)
   at System.Net.Security.SslStream.StartReadFrame(Byte[] buffer, Int32 readBytes, AsyncProtocolRequest asyncRequest)
   at System.Net.Security.SslStream.PartialFrameCallback(AsyncProtocolRequest asyncRequest)
--- End of stack trace from previous location where exception was thrown ---
   at System.Net.Security.SslStream.ThrowIfExceptional()
   at System.Net.Security.SslStream.InternalEndProcessAuthentication(LazyAsyncResult lazyResult)
   at System.Net.Security.SslStream.EndProcessAuthentication(IAsyncResult result)
   at System.Net.Security.SslStream.EndAuthenticateAsServer(IAsyncResult asyncResult)
   at System.Net.Security.SslStream.<>c.<AuthenticateAsServerAsync>b__69_1(IAsyncResult iar)
   at System.Threading.Tasks.TaskFactory`1.FromAsyncCoreLogic(IAsyncResult iar, Func`2 endFunction, Action`1 endAction, Task`1 promise, Boolean requiresSynchronization)
--- End of stack trace from previous location where exception was thrown ---
   at Microsoft.AspNetCore.Server.Kestrel.Https.Internal.HttpsConnectionMiddleware.InnerOnConnectionAsync(ConnectionContext context)
2021-04-08 13:12:23.423 +02:00 [DBG] Failed to authenticate HTTPS connection.
System.Security.Authentication.AuthenticationException: Authentication failed, see inner exception.
 ---> System.ComponentModel.Win32Exception (0x80090327): An unknown error occurred while processing the certificate.
   --- End of inner exception stack trace ---
   at System.Net.Security.SslStream.StartSendAuthResetSignal(ProtocolToken message, AsyncProtocolRequest asyncRequest, ExceptionDispatchInfo exception)
   at System.Net.Security.SslStream.CheckCompletionBeforeNextReceive(ProtocolToken message, AsyncProtocolRequest asyncRequest)
   at System.Net.Security.SslStream.StartSendBlob(Byte[] incoming, Int32 count, AsyncProtocolRequest asyncRequest)
   at System.Net.Security.SslStream.ProcessReceivedBlob(Byte[] buffer, Int32 count, AsyncProtocolRequest asyncRequest)
   at System.Net.Security.SslStream.StartReadFrame(Byte[] buffer, Int32 readBytes, AsyncProtocolRequest asyncRequest)
   at System.Net.Security.SslStream.PartialFrameCallback(AsyncProtocolRequest asyncRequest)
--- End of stack trace from previous location where exception was thrown ---
   at System.Net.Security.SslStream.ThrowIfExceptional()
   at System.Net.Security.SslStream.InternalEndProcessAuthentication(LazyAsyncResult lazyResult)
   at System.Net.Security.SslStream.EndProcessAuthentication(IAsyncResult result)
   at System.Net.Security.SslStream.EndAuthenticateAsServer(IAsyncResult asyncResult)
   at System.Net.Security.SslStream.<>c.<AuthenticateAsServerAsync>b__69_1(IAsyncResult iar)
   at System.Threading.Tasks.TaskFactory`1.FromAsyncCoreLogic(IAsyncResult iar, Func`2 endFunction, Action`1 endAction, Task`1 promise, Boolean requiresSynchronization)
--- End of stack trace from previous location where exception was thrown ---
   at Microsoft.AspNetCore.Server.Kestrel.Https.Internal.HttpsConnectionMiddleware.InnerOnConnectionAsync(ConnectionContext context)
2021-04-08 13:12:23.497 +02:00 [DBG] Connection id "0HM7QFSMVDVMG" stopped.
2021-04-08 13:12:23.524 +02:00 [DBG] Connection id "0HM7QFSMVDVMH" stopped.
2021-04-08 13:12:23.526 +02:00 [DBG] Connection id "0HM7QFSMVDVMG" sending FIN because: "The Socket transport's send loop completed gracefully."
2021-04-08 13:12:23.529 +02:00 [DBG] Connection id "0HM7QFSMVDVMH" sending FIN because: "The Socket transport's send loop completed gracefully."
2021-04-08 13:12:23.712 +02:00 [DBG] Connection id "0HM7QFSMVDVMI" accepted.
2021-04-08 13:12:23.717 +02:00 [DBG] Connection id "0HM7QFSMVDVMI" started.
2021-04-08 13:12:23.955 +02:00 [INF] Request starting HTTP/2 GET https://localhost:8085/swagger/index.html  
2021-04-08 13:12:23.957 +02:00 [DBG] Connection id "0HM7QFSMVDVMJ" accepted.
2021-04-08 13:12:23.960 +02:00 [DBG] Connection id "0HM7QFSMVDVMJ" started.
2021-04-08 13:12:23.964 +02:00 [DBG] Wildcard detected, all requests with hosts will be allowed.
2021-04-08 13:12:23.967 +02:00 [DBG] The host 'localhost' is excluded. Skipping HSTS header.
2021-04-08 13:12:24.036 +02:00 [DBG] The request path /swagger/index.html does not match an existing file
2021-04-08 13:12:24.061 +02:00 [DBG] Connection id "0HM7QFSMVDVMJ" received FIN.
2021-04-08 13:12:24.067 +02:00 [DBG] AcceptLanguageHeaderRequestCultureProvider returned the following unsupported cultures '["en-US","en"]'.
2021-04-08 13:12:24.089 +02:00 [DBG] Connection id "0HM7QFSMVDVMJ" is closed. The last processed stream ID was 0.
2021-04-08 13:12:24.092 +02:00 [DBG] Connection id "0HM7QFSMVDVMJ" sending FIN because: "The client closed the connection."
2021-04-08 13:12:24.120 +02:00 [DBG] Connection id "0HM7QFSMVDVMJ" stopped.
2021-04-08 13:12:24.813 +02:00 [INF] Request finished in 856.137ms 200 text/html;charset=utf-8
2021-04-08 13:12:25.173 +02:00 [INF] Request starting HTTP/2 GET https://localhost:8085/swagger/swagger-ui-bundle.js  
2021-04-08 13:12:25.173 +02:00 [INF] Request starting HTTP/2 GET https://localhost:8085/swagger/swagger-ui.css  
2021-04-08 13:12:25.181 +02:00 [INF] Request starting HTTP/2 GET https://localhost:8085/swagger/swagger-ui-standalone-preset.js  
2021-04-08 13:12:25.190 +02:00 [DBG] The host 'localhost' is excluded. Skipping HSTS header.
2021-04-08 13:12:25.192 +02:00 [DBG] The request path /swagger/swagger-ui-standalone-preset.js does not match an existing file
2021-04-08 13:12:25.185 +02:00 [DBG] The host 'localhost' is excluded. Skipping HSTS header.
2021-04-08 13:12:25.188 +02:00 [DBG] The host 'localhost' is excluded. Skipping HSTS header.
2021-04-08 13:12:25.197 +02:00 [DBG] AcceptLanguageHeaderRequestCultureProvider returned the following unsupported cultures '["en-US","en"]'.
2021-04-08 13:12:25.207 +02:00 [DBG] The request path /swagger/swagger-ui-bundle.js does not match an existing file
2021-04-08 13:12:25.217 +02:00 [DBG] The request path /swagger/swagger-ui.css does not match an existing file
2021-04-08 13:12:26.107 +02:00 [DBG] AcceptLanguageHeaderRequestCultureProvider returned the following unsupported cultures '["en-US","en"]'.
2021-04-08 13:12:26.210 +02:00 [INF] Sending file. Request path: '/swagger-ui-standalone-preset.js'. Physical path: 'N/A'
2021-04-08 13:12:26.274 +02:00 [DBG] AcceptLanguageHeaderRequestCultureProvider returned the following unsupported cultures '["en-US","en"]'.
2021-04-08 13:12:26.399 +02:00 [INF] Request finished in 1217.8035ms 200 application/javascript
2021-04-08 13:12:26.583 +02:00 [INF] Sending file. Request path: '/swagger-ui.css'. Physical path: 'N/A'
2021-04-08 13:12:26.681 +02:00 [INF] Request finished in 1513.4334ms 200 text/css
2021-04-08 13:12:26.829 +02:00 [INF] Sending file. Request path: '/swagger-ui-bundle.js'. Physical path: 'N/A'
2021-04-08 13:12:26.839 +02:00 [INF] Request finished in 1666.276ms 200 application/javascript
2021-04-08 13:12:27.244 +02:00 [INF] Request starting HTTP/2 GET https://localhost:8085/swagger/v1/swagger.json  
2021-04-08 13:12:27.254 +02:00 [DBG] The host 'localhost' is excluded. Skipping HSTS header.
2021-04-08 13:12:27.276 +02:00 [DBG] The request path /swagger/v1/swagger.json does not match an existing file
2021-04-08 13:12:27.291 +02:00 [DBG] AcceptLanguageHeaderRequestCultureProvider returned the following unsupported cultures '["en-US","en"]'.
2021-04-08 13:12:30.785 +02:00 [INF] Request finished in 3541.7599ms 200 application/json;charset=utf-8
2021-04-08 13:12:34.066 +02:00 [DBG] Connection id "0HM7QFSMVDVMI" received FIN.
2021-04-08 13:12:34.071 +02:00 [DBG] Connection id "0HM7QFSMVDVMI" is closed. The last processed stream ID was 9.
2021-04-08 13:12:34.073 +02:00 [DBG] Connection id "0HM7QFSMVDVMI" sending FIN because: "The client closed the connection."
2021-04-08 13:12:34.084 +02:00 [DBG] Connection id "0HM7QFSMVDVMI" stopped.
2021-04-08 13:13:38.484 +02:00 [DBG] Connection id "0HM7QFSMVDVMK" accepted.
2021-04-08 13:13:38.487 +02:00 [DBG] Connection id "0HM7QFSMVDVMK" started.
2021-04-08 13:13:38.517 +02:00 [DBG] Connection id "0HM7QFSMVDVMK" received FIN.
2021-04-08 13:13:38.519 +02:00 [DBG] Failed to authenticate HTTPS connection.
System.Security.Authentication.AuthenticationException: Authentication failed, see inner exception.
 ---> System.ComponentModel.Win32Exception (0x80090327): An unknown error occurred while processing the certificate.
   --- End of inner exception stack trace ---
   at System.Net.Security.SslStream.StartSendAuthResetSignal(ProtocolToken message, AsyncProtocolRequest asyncRequest, ExceptionDispatchInfo exception)
   at System.Net.Security.SslStream.CheckCompletionBeforeNextReceive(ProtocolToken message, AsyncProtocolRequest asyncRequest)
   at System.Net.Security.SslStream.StartSendBlob(Byte[] incoming, Int32 count, AsyncProtocolRequest asyncRequest)
   at System.Net.Security.SslStream.ProcessReceivedBlob(Byte[] buffer, Int32 count, AsyncProtocolRequest asyncRequest)
   at System.Net.Security.SslStream.StartReadFrame(Byte[] buffer, Int32 readBytes, AsyncProtocolRequest asyncRequest)
   at System.Net.Security.SslStream.PartialFrameCallback(AsyncProtocolRequest asyncRequest)
--- End of stack trace from previous location where exception was thrown ---
   at System.Net.Security.SslStream.ThrowIfExceptional()
   at System.Net.Security.SslStream.InternalEndProcessAuthentication(LazyAsyncResult lazyResult)
   at System.Net.Security.SslStream.EndProcessAuthentication(IAsyncResult result)
   at System.Net.Security.SslStream.EndAuthenticateAsServer(IAsyncResult asyncResult)
   at System.Net.Security.SslStream.<>c.<AuthenticateAsServerAsync>b__69_1(IAsyncResult iar)
   at System.Threading.Tasks.TaskFactory`1.FromAsyncCoreLogic(IAsyncResult iar, Func`2 endFunction, Action`1 endAction, Task`1 promise, Boolean requiresSynchronization)
--- End of stack trace from previous location where exception was thrown ---
   at Microsoft.AspNetCore.Server.Kestrel.Https.Internal.HttpsConnectionMiddleware.InnerOnConnectionAsync(ConnectionContext context)
2021-04-08 13:13:38.556 +02:00 [DBG] Connection id "0HM7QFSMVDVMK" stopped.
2021-04-08 13:13:38.566 +02:00 [DBG] Connection id "0HM7QFSMVDVMK" sending FIN because: "The Socket transport's send loop completed gracefully."
2021-04-08 13:13:38.738 +02:00 [DBG] Connection id "0HM7QFSMVDVML" accepted.
2021-04-08 13:13:38.745 +02:00 [DBG] Connection id "0HM7QFSMVDVML" started.
2021-04-08 13:13:38.757 +02:00 [DBG] Connection id "0HM7QFSMVDVML" received FIN.
2021-04-08 13:13:38.769 +02:00 [DBG] Failed to authenticate HTTPS connection.
System.Security.Authentication.AuthenticationException: Authentication failed, see inner exception.
 ---> System.ComponentModel.Win32Exception (0x80090327): An unknown error occurred while processing the certificate.
   --- End of inner exception stack trace ---
   at System.Net.Security.SslStream.StartSendAuthResetSignal(ProtocolToken message, AsyncProtocolRequest asyncRequest, ExceptionDispatchInfo exception)
   at System.Net.Security.SslStream.CheckCompletionBeforeNextReceive(ProtocolToken message, AsyncProtocolRequest asyncRequest)
   at System.Net.Security.SslStream.StartSendBlob(Byte[] incoming, Int32 count, AsyncProtocolRequest asyncRequest)
   at System.Net.Security.SslStream.ProcessReceivedBlob(Byte[] buffer, Int32 count, AsyncProtocolRequest asyncRequest)
   at System.Net.Security.SslStream.StartReadFrame(Byte[] buffer, Int32 readBytes, AsyncProtocolRequest asyncRequest)
   at System.Net.Security.SslStream.PartialFrameCallback(AsyncProtocolRequest asyncRequest)
--- End of stack trace from previous location where exception was thrown ---
   at System.Net.Security.SslStream.ThrowIfExceptional()
   at System.Net.Security.SslStream.InternalEndProcessAuthentication(LazyAsyncResult lazyResult)
   at System.Net.Security.SslStream.EndProcessAuthentication(IAsyncResult result)
   at System.Net.Security.SslStream.EndAuthenticateAsServer(IAsyncResult asyncResult)
   at System.Net.Security.SslStream.<>c.<AuthenticateAsServerAsync>b__69_1(IAsyncResult iar)
   at System.Threading.Tasks.TaskFactory`1.FromAsyncCoreLogic(IAsyncResult iar, Func`2 endFunction, Action`1 endAction, Task`1 promise, Boolean requiresSynchronization)
--- End of stack trace from previous location where exception was thrown ---
   at Microsoft.AspNetCore.Server.Kestrel.Https.Internal.HttpsConnectionMiddleware.InnerOnConnectionAsync(ConnectionContext context)
2021-04-08 13:13:38.816 +02:00 [DBG] Connection id "0HM7QFSMVDVMM" accepted.
2021-04-08 13:13:38.832 +02:00 [DBG] Connection id "0HM7QFSMVDVML" stopped.
2021-04-08 13:13:38.835 +02:00 [DBG] Connection id "0HM7QFSMVDVMM" started.
2021-04-08 13:13:38.838 +02:00 [DBG] Connection id "0HM7QFSMVDVML" sending FIN because: "The Socket transport's send loop completed gracefully."
2021-04-08 13:13:38.856 +02:00 [INF] Request starting HTTP/2 POST https://localhost:8085/v1/authormanagement/create application/json 81
2021-04-08 13:13:38.857 +02:00 [DBG] The host 'localhost' is excluded. Skipping HSTS header.
2021-04-08 13:13:38.866 +02:00 [DBG] POST requests are not supported
2021-04-08 13:13:38.871 +02:00 [DBG] AcceptLanguageHeaderRequestCultureProvider returned the following unsupported cultures '["en-US","en"]'.
2021-04-08 13:13:38.883 +02:00 [DBG] POST requests are not supported
2021-04-08 13:13:38.916 +02:00 [DBG] No candidates found for the request path '/v1/authormanagement/create'
2021-04-08 13:13:38.917 +02:00 [DBG] Request did not match any endpoints
2021-04-08 13:13:39.030 +02:00 [DBG] AuthenticationScheme: Bearer was not authenticated.
2021-04-08 13:13:39.056 +02:00 [DBG] Request successfully matched the route with name 'null' and template 'v1/authormanagement/create'
2021-04-08 13:13:39.080 +02:00 [DBG] Connection id "0HM7QFSMVDVMN" accepted.
2021-04-08 13:13:39.082 +02:00 [DBG] Connection id "0HM7QFSMVDVMN" started.
2021-04-08 13:13:39.116 +02:00 [INF] Route matched with {action = "Create", controller = "Author"}. Executing controller action with signature System.Threading.Tasks.Task`1[Microsoft.AspNetCore.Mvc.ActionResult] Create(Devon4Net.WebAPI.Implementation.Business.AuthorManagement.Dto.AuthorDto) on controller Devon4Net.WebAPI.Implementation.Business.AuthorManagement.Controllers.AuthorController (Devon4Net.WebAPI.Implementation).
2021-04-08 13:13:39.120 +02:00 [DBG] Execution plan of authorization filters (in the following order): ["Microsoft.AspNetCore.Mvc.Cors.CorsAuthorizationFilter (Order: -2147483548)"]
2021-04-08 13:13:39.121 +02:00 [DBG] Execution plan of resource filters (in the following order): ["Microsoft.AspNetCore.Mvc.ViewFeatures.Filters.SaveTempDataFilter"]
2021-04-08 13:13:39.124 +02:00 [DBG] Execution plan of action filters (in the following order): ["Microsoft.AspNetCore.Mvc.ModelBinding.UnsupportedContentTypeFilter (Order: -3000)","Microsoft.AspNetCore.Mvc.Infrastructure.ModelStateInvalidFilter (Order: -2000)"]
2021-04-08 13:13:39.131 +02:00 [DBG] Execution plan of exception filters (in the following order): ["None"]
2021-04-08 13:13:39.134 +02:00 [DBG] Execution plan of result filters (in the following order): ["Microsoft.AspNetCore.Mvc.ViewFeatures.Filters.SaveTempDataFilter","Microsoft.AspNetCore.Mvc.Infrastructure.ClientErrorResultFilter (Order: -2000)"]
2021-04-08 13:13:39.148 +02:00 [DBG] Connection id "0HM7QFSMVDVMN" received FIN.
2021-04-08 13:13:39.152 +02:00 [DBG] Connection id "0HM7QFSMVDVMN" is closed. The last processed stream ID was 0.
2021-04-08 13:13:39.154 +02:00 [DBG] Connection id "0HM7QFSMVDVMN" sending FIN because: "The client closed the connection."
2021-04-08 13:13:39.157 +02:00 [DBG] The request has an origin header: 'https://localhost:8085'.
2021-04-08 13:13:39.166 +02:00 [INF] CORS policy execution successful.
2021-04-08 13:13:39.171 +02:00 [DBG] Executing controller factory for controller Devon4Net.WebAPI.Implementation.Business.AuthorManagement.Controllers.AuthorController (Devon4Net.WebAPI.Implementation)
2021-04-08 13:13:39.171 +02:00 [DBG] Connection id "0HM7QFSMVDVMN" stopped.
2021-04-08 13:13:39.367 +02:00 [DBG] An 'IServiceProvider' was created for internal use by Entity Framework.
2021-04-08 13:13:39.401 +02:00 [DBG] Executed controller factory for controller Devon4Net.WebAPI.Implementation.Business.AuthorManagement.Controllers.AuthorController (Devon4Net.WebAPI.Implementation)
2021-04-08 13:13:39.438 +02:00 [DBG] Attempting to bind parameter 'authorDto' of type 'Devon4Net.WebAPI.Implementation.Business.AuthorManagement.Dto.AuthorDto' ...
2021-04-08 13:13:39.448 +02:00 [DBG] Attempting to bind parameter 'authorDto' of type 'Devon4Net.WebAPI.Implementation.Business.AuthorManagement.Dto.AuthorDto' using the name '' in request data ...
2021-04-08 13:13:39.455 +02:00 [DBG] Selected input formatter 'Microsoft.AspNetCore.Mvc.Formatters.SystemTextJsonInputFormatter' for content type 'application/json'.
2021-04-08 13:13:39.467 +02:00 [DBG] Connection id "0HM7QFSMVDVMM", Request id "0HM7QFSMVDVMM:00000001": started reading request body.
2021-04-08 13:13:39.469 +02:00 [DBG] Connection id "0HM7QFSMVDVMM", Request id "0HM7QFSMVDVMM:00000001": done reading request body.
2021-04-08 13:13:39.478 +02:00 [DBG] JSON input formatter succeeded, deserializing to type 'Devon4Net.WebAPI.Implementation.Business.AuthorManagement.Dto.AuthorDto'
2021-04-08 13:13:39.483 +02:00 [DBG] Done attempting to bind parameter 'authorDto' of type 'Devon4Net.WebAPI.Implementation.Business.AuthorManagement.Dto.AuthorDto'.
2021-04-08 13:13:39.488 +02:00 [DBG] Done attempting to bind parameter 'authorDto' of type 'Devon4Net.WebAPI.Implementation.Business.AuthorManagement.Dto.AuthorDto'.
2021-04-08 13:13:39.490 +02:00 [DBG] Attempting to validate the bound parameter 'authorDto' of type 'Devon4Net.WebAPI.Implementation.Business.AuthorManagement.Dto.AuthorDto' ...
2021-04-08 13:13:39.504 +02:00 [DBG] Done attempting to validate the bound parameter 'authorDto' of type 'Devon4Net.WebAPI.Implementation.Business.AuthorManagement.Dto.AuthorDto'.
2021-04-08 13:13:39.514 +02:00 [DBG] Executing Create from controller AuthorController
2021-04-08 13:13:39.518 +02:00 [DBG] CreateAuthor method from service AuthorService with value : Pepe, Viyuela, pepe123@gmail.com, 123456789
2021-04-08 13:13:39.521 +02:00 [DBG] Create method from repository AuthorRepository with value : Pepe, Viyuela, pepe123@gmail.com, 123456789
2021-04-08 13:13:40.280 +02:00 [INF] Entity Framework Core 3.1.13 initialized 'AlejandriaContext' using provider 'Npgsql.EntityFrameworkCore.PostgreSQL' with options: None
2021-04-08 13:13:40.351 +02:00 [DBG] 'AlejandriaContext' generated a value for the 'Id' property of new 'Author' entity. Consider using 'DbContextOptionsBuilder.EnableSensitiveDataLogging' to see key values.
2021-04-08 13:13:40.413 +02:00 [DBG] Context 'AlejandriaContext' started tracking 'Author' entity. Consider using 'DbContextOptionsBuilder.EnableSensitiveDataLogging' to see key values.
2021-04-08 13:13:40.421 +02:00 [DBG] SaveChanges starting for 'AlejandriaContext'.
2021-04-08 13:13:40.431 +02:00 [DBG] DetectChanges starting for 'AlejandriaContext'.
2021-04-08 13:13:40.447 +02:00 [DBG] DetectChanges completed for 'AlejandriaContext'.
2021-04-08 13:13:40.510 +02:00 [DBG] Opening connection to database 'postgres' on server 'tcp://localhost:5432'.
2021-04-08 13:13:41.204 +02:00 [DBG] Opened connection to database 'postgres' on server 'tcp://localhost:5432'.
2021-04-08 13:13:41.210 +02:00 [DBG] Beginning transaction with isolation level 'Unspecified'.
2021-04-08 13:13:41.216 +02:00 [DBG] Began transaction with isolation level 'ReadCommitted'.
2021-04-08 13:13:41.276 +02:00 [DBG] Creating DbCommand for 'ExecuteReader'.
2021-04-08 13:13:41.282 +02:00 [DBG] Created DbCommand for 'ExecuteReader' (7ms).
2021-04-08 13:13:41.300 +02:00 [DBG] Executing DbCommand [Parameters=[@p0='?' (DbType = Guid), @p1='?', @p2='?', @p3='?' (DbType = Int32), @p4='?'], CommandType='"Text"', CommandTimeout='30']
INSERT INTO "Author" ("Id", "Email", "Name", "Phone", "Surname")
VALUES (@p0, @p1, @p2, @p3, @p4);
2021-04-08 13:13:41.361 +02:00 [INF] Executed DbCommand (64ms) [Parameters=[@p0='?' (DbType = Guid), @p1='?', @p2='?', @p3='?' (DbType = Int32), @p4='?'], CommandType='"Text"', CommandTimeout='30']
INSERT INTO "Author" ("Id", "Email", "Name", "Phone", "Surname")
VALUES (@p0, @p1, @p2, @p3, @p4);
2021-04-08 13:13:41.370 +02:00 [DBG] A data reader was disposed.
2021-04-08 13:13:41.378 +02:00 [DBG] Committing transaction.
2021-04-08 13:13:41.392 +02:00 [DBG] Committing transaction.
2021-04-08 13:13:41.396 +02:00 [DBG] Closing connection to database 'postgres' on server 'tcp://localhost:5432'.
2021-04-08 13:13:41.404 +02:00 [DBG] Closed connection to database 'postgres' on server 'tcp://localhost:5432'.
2021-04-08 13:13:41.413 +02:00 [DBG] Disposing transaction.
2021-04-08 13:13:41.434 +02:00 [DBG] An 'Author' entity tracked by 'AlejandriaContext' changed from '"Added"' to '"Unchanged"'. Consider using 'DbContextOptionsBuilder.EnableSensitiveDataLogging' to see key values.
2021-04-08 13:13:41.443 +02:00 [DBG] SaveChanges completed for 'AlejandriaContext' with 1 entities written to the database.
2021-04-08 13:13:41.451 +02:00 [DBG] An 'Author' entity tracked by 'AlejandriaContext' changed from '"Unchanged"' to '"Detached"'. Consider using 'DbContextOptionsBuilder.EnableSensitiveDataLogging' to see key values.
2021-04-08 13:13:41.464 +02:00 [DBG] List of registered output formatters, in the following order: ["Microsoft.AspNetCore.Mvc.Formatters.HttpNoContentOutputFormatter","Microsoft.AspNetCore.Mvc.Formatters.StringOutputFormatter","Microsoft.AspNetCore.Mvc.Formatters.StreamOutputFormatter","Microsoft.AspNetCore.Mvc.Formatters.SystemTextJsonOutputFormatter"]
2021-04-08 13:13:41.478 +02:00 [DBG] Attempting to select an output formatter based on Accept header '["text/plain"]'.
2021-04-08 13:13:41.482 +02:00 [DBG] Could not find an output formatter based on content negotiation. Accepted types were (["text/plain"])
2021-04-08 13:13:41.486 +02:00 [DBG] Attempting to select an output formatter without using a content type as no explicit content types were specified for the response.
2021-04-08 13:13:41.488 +02:00 [DBG] Attempting to select the first formatter in the output formatters list which can write the result.
2021-04-08 13:13:41.490 +02:00 [DBG] Selected output formatter 'Microsoft.AspNetCore.Mvc.Formatters.SystemTextJsonOutputFormatter' and content type 'application/json' to write the response.
2021-04-08 13:13:41.498 +02:00 [INF] Executing ObjectResult, writing value of type 'Devon4Net.WebAPI.Implementation.Business.AuthorManagement.Dto.AuthorDto'.
2021-04-08 13:13:41.525 +02:00 [INF] Executed action Devon4Net.WebAPI.Implementation.Business.AuthorManagement.Controllers.AuthorController.Create (Devon4Net.WebAPI.Implementation) in 2369.203ms
2021-04-08 13:13:41.539 +02:00 [DBG] 'AlejandriaContext' disposed.
2021-04-08 13:13:41.551 +02:00 [INF] Request finished in 2695.3661ms 201 application/json; charset=utf-8
2021-04-08 13:13:49.165 +02:00 [DBG] Connection id "0HM7QFSMVDVMM" received FIN.
2021-04-08 13:13:49.169 +02:00 [DBG] Connection id "0HM7QFSMVDVMM" is closed. The last processed stream ID was 1.
2021-04-08 13:13:49.171 +02:00 [DBG] Connection id "0HM7QFSMVDVMM" sending FIN because: "The client closed the connection."
2021-04-08 13:13:49.182 +02:00 [DBG] Connection id "0HM7QFSMVDVMM" stopped.
2021-04-08 13:13:55.392 +02:00 [DBG] Connection id "0HM7QFSMVDVMO" accepted.
2021-04-08 13:13:55.394 +02:00 [DBG] Connection id "0HM7QFSMVDVMO" started.
2021-04-08 13:13:55.408 +02:00 [DBG] Connection id "0HM7QFSMVDVMO" received FIN.
2021-04-08 13:13:55.409 +02:00 [DBG] Failed to authenticate HTTPS connection.
System.Security.Authentication.AuthenticationException: Authentication failed, see inner exception.
 ---> System.ComponentModel.Win32Exception (0x80090327): An unknown error occurred while processing the certificate.
   --- End of inner exception stack trace ---
   at System.Net.Security.SslStream.StartSendAuthResetSignal(ProtocolToken message, AsyncProtocolRequest asyncRequest, ExceptionDispatchInfo exception)
   at System.Net.Security.SslStream.CheckCompletionBeforeNextReceive(ProtocolToken message, AsyncProtocolRequest asyncRequest)
   at System.Net.Security.SslStream.StartSendBlob(Byte[] incoming, Int32 count, AsyncProtocolRequest asyncRequest)
   at System.Net.Security.SslStream.ProcessReceivedBlob(Byte[] buffer, Int32 count, AsyncProtocolRequest asyncRequest)
   at System.Net.Security.SslStream.StartReadFrame(Byte[] buffer, Int32 readBytes, AsyncProtocolRequest asyncRequest)
   at System.Net.Security.SslStream.PartialFrameCallback(AsyncProtocolRequest asyncRequest)
--- End of stack trace from previous location where exception was thrown ---
   at System.Net.Security.SslStream.InternalEndProcessAuthentication(LazyAsyncResult lazyResult)
   at System.Net.Security.SslStream.EndProcessAuthentication(IAsyncResult result)
   at System.Net.Security.SslStream.EndAuthenticateAsServer(IAsyncResult asyncResult)
   at System.Net.Security.SslStream.<>c.<AuthenticateAsServerAsync>b__69_1(IAsyncResult iar)
   at System.Threading.Tasks.TaskFactory`1.FromAsyncCoreLogic(IAsyncResult iar, Func`2 endFunction, Action`1 endAction, Task`1 promise, Boolean requiresSynchronization)
--- End of stack trace from previous location where exception was thrown ---
   at Microsoft.AspNetCore.Server.Kestrel.Https.Internal.HttpsConnectionMiddleware.InnerOnConnectionAsync(ConnectionContext context)
2021-04-08 13:13:55.445 +02:00 [DBG] Connection id "0HM7QFSMVDVMO" stopped.
2021-04-08 13:13:55.447 +02:00 [DBG] Connection id "0HM7QFSMVDVMO" sending FIN because: "The Socket transport's send loop completed gracefully."
2021-04-08 13:13:55.638 +02:00 [DBG] Connection id "0HM7QFSMVDVMP" accepted.
2021-04-08 13:13:55.640 +02:00 [DBG] Connection id "0HM7QFSMVDVMP" started.
2021-04-08 13:13:55.654 +02:00 [DBG] Connection id "0HM7QFSMVDVMP" received FIN.
2021-04-08 13:13:55.656 +02:00 [DBG] Failed to authenticate HTTPS connection.
System.Security.Authentication.AuthenticationException: Authentication failed, see inner exception.
 ---> System.ComponentModel.Win32Exception (0x80090327): An unknown error occurred while processing the certificate.
   --- End of inner exception stack trace ---
   at System.Net.Security.SslStream.StartSendAuthResetSignal(ProtocolToken message, AsyncProtocolRequest asyncRequest, ExceptionDispatchInfo exception)
   at System.Net.Security.SslStream.CheckCompletionBeforeNextReceive(ProtocolToken message, AsyncProtocolRequest asyncRequest)
   at System.Net.Security.SslStream.StartSendBlob(Byte[] incoming, Int32 count, AsyncProtocolRequest asyncRequest)
   at System.Net.Security.SslStream.ProcessReceivedBlob(Byte[] buffer, Int32 count, AsyncProtocolRequest asyncRequest)
   at System.Net.Security.SslStream.StartReadFrame(Byte[] buffer, Int32 readBytes, AsyncProtocolRequest asyncRequest)
   at System.Net.Security.SslStream.PartialFrameCallback(AsyncProtocolRequest asyncRequest)
--- End of stack trace from previous location where exception was thrown ---
   at System.Net.Security.SslStream.InternalEndProcessAuthentication(LazyAsyncResult lazyResult)
   at System.Net.Security.SslStream.EndProcessAuthentication(IAsyncResult result)
   at System.Net.Security.SslStream.EndAuthenticateAsServer(IAsyncResult asyncResult)
   at System.Net.Security.SslStream.<>c.<AuthenticateAsServerAsync>b__69_1(IAsyncResult iar)
   at System.Threading.Tasks.TaskFactory`1.FromAsyncCoreLogic(IAsyncResult iar, Func`2 endFunction, Action`1 endAction, Task`1 promise, Boolean requiresSynchronization)
--- End of stack trace from previous location where exception was thrown ---
   at Microsoft.AspNetCore.Server.Kestrel.Https.Internal.HttpsConnectionMiddleware.InnerOnConnectionAsync(ConnectionContext context)
2021-04-08 13:13:55.675 +02:00 [DBG] Connection id "0HM7QFSMVDVMP" stopped.
2021-04-08 13:13:55.676 +02:00 [DBG] Connection id "0HM7QFSMVDVMP" sending FIN because: "The Socket transport's send loop completed gracefully."
2021-04-08 13:13:55.717 +02:00 [DBG] Connection id "0HM7QFSMVDVMQ" accepted.
2021-04-08 13:13:55.721 +02:00 [DBG] Connection id "0HM7QFSMVDVMQ" started.
2021-04-08 13:13:55.747 +02:00 [INF] Request starting HTTP/2 GET https://localhost:8085/v1/authormanagement/authors  
2021-04-08 13:13:55.748 +02:00 [DBG] The host 'localhost' is excluded. Skipping HSTS header.
2021-04-08 13:13:55.750 +02:00 [DBG] The request path /v1/authormanagement/authors does not match a supported file type
2021-04-08 13:13:55.754 +02:00 [DBG] AcceptLanguageHeaderRequestCultureProvider returned the following unsupported cultures '["en-US","en"]'.
2021-04-08 13:13:55.760 +02:00 [DBG] The request path  does not match the path filter
2021-04-08 13:13:55.763 +02:00 [DBG] No candidates found for the request path '/v1/authormanagement/authors'
2021-04-08 13:13:55.765 +02:00 [DBG] Request did not match any endpoints
2021-04-08 13:13:55.773 +02:00 [DBG] AuthenticationScheme: Bearer was not authenticated.
2021-04-08 13:13:55.777 +02:00 [DBG] Request successfully matched the route with name 'null' and template 'v1/authormanagement/authors'
2021-04-08 13:13:55.784 +02:00 [INF] Route matched with {action = "GetAuthors", controller = "Author"}. Executing controller action with signature System.Threading.Tasks.Task`1[Microsoft.AspNetCore.Mvc.ActionResult] GetAuthors() on controller Devon4Net.WebAPI.Implementation.Business.AuthorManagement.Controllers.AuthorController (Devon4Net.WebAPI.Implementation).
2021-04-08 13:13:55.793 +02:00 [DBG] Execution plan of authorization filters (in the following order): ["Microsoft.AspNetCore.Mvc.Cors.CorsAuthorizationFilter (Order: -2147483548)"]
2021-04-08 13:13:55.798 +02:00 [DBG] Execution plan of resource filters (in the following order): ["Microsoft.AspNetCore.Mvc.ViewFeatures.Filters.SaveTempDataFilter"]
2021-04-08 13:13:55.800 +02:00 [DBG] Execution plan of action filters (in the following order): ["Microsoft.AspNetCore.Mvc.ModelBinding.UnsupportedContentTypeFilter (Order: -3000)","Microsoft.AspNetCore.Mvc.Infrastructure.ModelStateInvalidFilter (Order: -2000)"]
2021-04-08 13:13:55.804 +02:00 [DBG] Execution plan of exception filters (in the following order): ["None"]
2021-04-08 13:13:55.806 +02:00 [DBG] Execution plan of result filters (in the following order): ["Microsoft.AspNetCore.Mvc.ViewFeatures.Filters.SaveTempDataFilter","Microsoft.AspNetCore.Mvc.Infrastructure.ClientErrorResultFilter (Order: -2000)"]
2021-04-08 13:13:55.812 +02:00 [DBG] Executing controller factory for controller Devon4Net.WebAPI.Implementation.Business.AuthorManagement.Controllers.AuthorController (Devon4Net.WebAPI.Implementation)
2021-04-08 13:13:55.818 +02:00 [DBG] Executed controller factory for controller Devon4Net.WebAPI.Implementation.Business.AuthorManagement.Controllers.AuthorController (Devon4Net.WebAPI.Implementation)
2021-04-08 13:13:55.824 +02:00 [DBG] Executing GetAuthors from controller AuthorController
2021-04-08 13:13:55.830 +02:00 [DBG] GetAuthor method from service Authorservice
2021-04-08 13:13:55.834 +02:00 [DBG] List of registered output formatters, in the following order: ["Microsoft.AspNetCore.Mvc.Formatters.HttpNoContentOutputFormatter","Microsoft.AspNetCore.Mvc.Formatters.StringOutputFormatter","Microsoft.AspNetCore.Mvc.Formatters.StreamOutputFormatter","Microsoft.AspNetCore.Mvc.Formatters.SystemTextJsonOutputFormatter"]
2021-04-08 13:13:55.838 +02:00 [DBG] Attempting to select an output formatter based on Accept header '["text/plain"]'.
2021-04-08 13:13:55.841 +02:00 [DBG] Could not find an output formatter based on content negotiation. Accepted types were (["text/plain"])
2021-04-08 13:13:55.842 +02:00 [DBG] Attempting to select an output formatter without using a content type as no explicit content types were specified for the response.
2021-04-08 13:13:55.846 +02:00 [DBG] Attempting to select the first formatter in the output formatters list which can write the result.
2021-04-08 13:13:55.847 +02:00 [DBG] Selected output formatter 'Microsoft.AspNetCore.Mvc.Formatters.SystemTextJsonOutputFormatter' and content type 'application/json' to write the response.
2021-04-08 13:13:55.849 +02:00 [INF] Executing ObjectResult, writing value of type 'System.Collections.Generic.List`1[[Devon4Net.WebAPI.Implementation.Business.AuthorManagement.Dto.AuthorDto, Devon4Net.WebAPI.Implementation, Version=3.1.5.0, Culture=neutral, PublicKeyToken=null]]'.
2021-04-08 13:13:55.851 +02:00 [INF] Executed action Devon4Net.WebAPI.Implementation.Business.AuthorManagement.Controllers.AuthorController.GetAuthors (Devon4Net.WebAPI.Implementation) in 39.2751ms
2021-04-08 13:13:55.861 +02:00 [INF] Request finished in 114.4315ms 200 application/json; charset=utf-8
2021-04-08 13:13:55.966 +02:00 [DBG] Connection id "0HM7QFSMVDVMR" accepted.
2021-04-08 13:13:55.967 +02:00 [DBG] Connection id "0HM7QFSMVDVMR" started.
2021-04-08 13:13:59.166 +02:00 [DBG] Connection id "0HM7QFSMVDVMR" received FIN.
2021-04-08 13:13:59.167 +02:00 [DBG] Connection id "0HM7QFSMVDVMQ" received FIN.
2021-04-08 13:13:59.176 +02:00 [DBG] Connection id "0HM7QFSMVDVMR" is closed. The last processed stream ID was 0.
2021-04-08 13:13:59.183 +02:00 [DBG] Connection id "0HM7QFSMVDVMQ" is closed. The last processed stream ID was 1.
2021-04-08 13:13:59.190 +02:00 [DBG] Connection id "0HM7QFSMVDVMR" sending FIN because: "The client closed the connection."
2021-04-08 13:13:59.194 +02:00 [DBG] Connection id "0HM7QFSMVDVMQ" sending FIN because: "The client closed the connection."
2021-04-08 13:13:59.204 +02:00 [DBG] Connection id "0HM7QFSMVDVMR" stopped.
2021-04-08 13:13:59.211 +02:00 [DBG] Connection id "0HM7QFSMVDVMQ" stopped.
2021-04-08 14:20:32.420 +02:00 [INF] Please setup your database in order to have the RabbitMq messaging backup feature
2021-04-08 14:20:32.730 +02:00 [INF] Please setup your database in order to have the RabbitMq messaging backup feature
2021-04-08 14:20:37.191 +02:00 [DBG] Hosting starting
2021-04-08 14:20:37.281 +02:00 [INF] User profile is available. Using 'C:\Users\jugalleg\AppData\Local\ASP.NET\DataProtection-Keys' as key repository and Windows DPAPI to encrypt keys at rest.
2021-04-08 14:20:37.369 +02:00 [DBG] Reading data from file 'C:\Users\jugalleg\AppData\Local\ASP.NET\DataProtection-Keys\key-760ee4eb-9dd8-44e3-93a8-71a1e7282097.xml'.
2021-04-08 14:20:37.417 +02:00 [DBG] Found key {760ee4eb-9dd8-44e3-93a8-71a1e7282097}.
2021-04-08 14:20:37.433 +02:00 [DBG] Considering key {760ee4eb-9dd8-44e3-93a8-71a1e7282097} with expiration date 2021-06-23 13:03:50Z as default key.
2021-04-08 14:20:37.444 +02:00 [DBG] Forwarded activator type request from Microsoft.AspNetCore.DataProtection.XmlEncryption.DpapiXmlDecryptor, Microsoft.AspNetCore.DataProtection, Version=3.1.13.0, Culture=neutral, PublicKeyToken=adb9793829ddae60 to Microsoft.AspNetCore.DataProtection.XmlEncryption.DpapiXmlDecryptor, Microsoft.AspNetCore.DataProtection, Culture=neutral, PublicKeyToken=adb9793829ddae60
2021-04-08 14:20:37.449 +02:00 [DBG] Decrypting secret element using Windows DPAPI.
2021-04-08 14:20:37.452 +02:00 [DBG] Forwarded activator type request from Microsoft.AspNetCore.DataProtection.AuthenticatedEncryption.ConfigurationModel.AuthenticatedEncryptorDescriptorDeserializer, Microsoft.AspNetCore.DataProtection, Version=3.1.13.0, Culture=neutral, PublicKeyToken=adb9793829ddae60 to Microsoft.AspNetCore.DataProtection.AuthenticatedEncryption.ConfigurationModel.AuthenticatedEncryptorDescriptorDeserializer, Microsoft.AspNetCore.DataProtection, Culture=neutral, PublicKeyToken=adb9793829ddae60
2021-04-08 14:20:37.458 +02:00 [DBG] Opening CNG algorithm 'AES' from provider 'null' with chaining mode CBC.
2021-04-08 14:20:37.464 +02:00 [DBG] Opening CNG algorithm 'SHA256' from provider 'null' with HMAC.
2021-04-08 14:20:37.471 +02:00 [DBG] Using key {760ee4eb-9dd8-44e3-93a8-71a1e7282097} as the default key.
2021-04-08 14:20:37.473 +02:00 [DBG] Key ring with default key {760ee4eb-9dd8-44e3-93a8-71a1e7282097} was loaded during application startup.
2021-04-08 14:20:37.589 +02:00 [DBG] Registered model binder providers, in the following order: ["Microsoft.AspNetCore.Mvc.ModelBinding.Binders.BinderTypeModelBinderProvider","Microsoft.AspNetCore.Mvc.ModelBinding.Binders.ServicesModelBinderProvider","Microsoft.AspNetCore.Mvc.ModelBinding.Binders.BodyModelBinderProvider","Microsoft.AspNetCore.Mvc.ModelBinding.Binders.HeaderModelBinderProvider","Microsoft.AspNetCore.Mvc.ModelBinding.Binders.FloatingPointTypeModelBinderProvider","Microsoft.AspNetCore.Mvc.ModelBinding.Binders.EnumTypeModelBinderProvider","Microsoft.AspNetCore.Mvc.ModelBinding.Binders.SimpleTypeModelBinderProvider","Microsoft.AspNetCore.Mvc.ModelBinding.Binders.CancellationTokenModelBinderProvider","Microsoft.AspNetCore.Mvc.ModelBinding.Binders.ByteArrayModelBinderProvider","Microsoft.AspNetCore.Mvc.ModelBinding.Binders.FormFileModelBinderProvider","Microsoft.AspNetCore.Mvc.ModelBinding.Binders.FormCollectionModelBinderProvider","Microsoft.AspNetCore.Mvc.ModelBinding.Binders.KeyValuePairModelBinderProvider","Microsoft.AspNetCore.Mvc.ModelBinding.Binders.DictionaryModelBinderProvider","Microsoft.AspNetCore.Mvc.ModelBinding.Binders.ArrayModelBinderProvider","Microsoft.AspNetCore.Mvc.ModelBinding.Binders.CollectionModelBinderProvider","Microsoft.AspNetCore.Mvc.ModelBinding.Binders.ComplexTypeModelBinderProvider"]
2021-04-08 14:20:37.658 +02:00 [DBG] Initializing Razor view compiler with no compiled views.
2021-04-08 14:20:37.703 +02:00 [DBG] Failed to locate the development https certificate at 'null'.
2021-04-08 14:20:37.713 +02:00 [WRN] Overriding address(es) 'https://localhost:8085'. Binding to endpoints defined in UseKestrel() instead.
2021-04-08 14:20:37.743 +02:00 [INF] Now listening on: https://0.0.0.0:8085
2021-04-08 14:20:37.746 +02:00 [DBG] Loaded hosting startup assembly Devon4Net.Application.WebAPI
2021-04-08 14:20:37.750 +02:00 [INF] Application started. Press Ctrl+C to shut down.
2021-04-08 14:20:37.751 +02:00 [INF] Hosting environment: Development
2021-04-08 14:20:37.752 +02:00 [INF] Content root path: C:\Juan\Projects\devon4net\source\Templates\WebAPI\Devon4Net.Application.WebAPI
2021-04-08 14:20:37.753 +02:00 [DBG] Hosting started
2021-04-08 14:20:38.196 +02:00 [DBG] Connection id "0HM7QH2RVGQQ1" accepted.
2021-04-08 14:20:38.200 +02:00 [DBG] Connection id "0HM7QH2RVGQQ1" started.
2021-04-08 14:20:38.233 +02:00 [DBG] Connection id "0HM7QH2RVGQQ1" received FIN.
2021-04-08 14:20:38.248 +02:00 [DBG] Failed to authenticate HTTPS connection.
System.IO.IOException: Authentication failed because the remote party has closed the transport stream.
   at System.Net.Security.SslStream.StartReadFrame(Byte[] buffer, Int32 readBytes, AsyncProtocolRequest asyncRequest)
   at System.Net.Security.SslStream.PartialFrameCallback(AsyncProtocolRequest asyncRequest)
--- End of stack trace from previous location where exception was thrown ---
   at System.Net.Security.SslStream.ThrowIfExceptional()
   at System.Net.Security.SslStream.InternalEndProcessAuthentication(LazyAsyncResult lazyResult)
   at System.Net.Security.SslStream.EndProcessAuthentication(IAsyncResult result)
   at System.Net.Security.SslStream.EndAuthenticateAsServer(IAsyncResult asyncResult)
   at System.Net.Security.SslStream.<>c.<AuthenticateAsServerAsync>b__69_1(IAsyncResult iar)
   at System.Threading.Tasks.TaskFactory`1.FromAsyncCoreLogic(IAsyncResult iar, Func`2 endFunction, Action`1 endAction, Task`1 promise, Boolean requiresSynchronization)
--- End of stack trace from previous location where exception was thrown ---
   at Microsoft.AspNetCore.Server.Kestrel.Https.Internal.HttpsConnectionMiddleware.InnerOnConnectionAsync(ConnectionContext context)
2021-04-08 14:20:38.378 +02:00 [DBG] Connection id "0HM7QH2RVGQQ1" stopped.
2021-04-08 14:20:38.386 +02:00 [DBG] Connection id "0HM7QH2RVGQQ1" sending FIN because: "The Socket transport's send loop completed gracefully."
2021-04-08 14:20:39.196 +02:00 [DBG] Connection id "0HM7QH2RVGQQ2" accepted.
2021-04-08 14:20:39.201 +02:00 [DBG] Connection id "0HM7QH2RVGQQ2" started.
2021-04-08 14:20:39.304 +02:00 [DBG] Connection id "0HM7QH2RVGQQ2" received FIN.
2021-04-08 14:20:39.314 +02:00 [DBG] Failed to authenticate HTTPS connection.
System.Security.Authentication.AuthenticationException: Authentication failed, see inner exception.
 ---> System.ComponentModel.Win32Exception (0x80090327): An unknown error occurred while processing the certificate.
   --- End of inner exception stack trace ---
   at System.Net.Security.SslStream.StartSendAuthResetSignal(ProtocolToken message, AsyncProtocolRequest asyncRequest, ExceptionDispatchInfo exception)
   at System.Net.Security.SslStream.CheckCompletionBeforeNextReceive(ProtocolToken message, AsyncProtocolRequest asyncRequest)
   at System.Net.Security.SslStream.StartSendBlob(Byte[] incoming, Int32 count, AsyncProtocolRequest asyncRequest)
   at System.Net.Security.SslStream.ProcessReceivedBlob(Byte[] buffer, Int32 count, AsyncProtocolRequest asyncRequest)
   at System.Net.Security.SslStream.StartReadFrame(Byte[] buffer, Int32 readBytes, AsyncProtocolRequest asyncRequest)
   at System.Net.Security.SslStream.PartialFrameCallback(AsyncProtocolRequest asyncRequest)
--- End of stack trace from previous location where exception was thrown ---
   at System.Net.Security.SslStream.ThrowIfExceptional()
   at System.Net.Security.SslStream.InternalEndProcessAuthentication(LazyAsyncResult lazyResult)
   at System.Net.Security.SslStream.EndProcessAuthentication(IAsyncResult result)
   at System.Net.Security.SslStream.EndAuthenticateAsServer(IAsyncResult asyncResult)
   at System.Net.Security.SslStream.<>c.<AuthenticateAsServerAsync>b__69_1(IAsyncResult iar)
   at System.Threading.Tasks.TaskFactory`1.FromAsyncCoreLogic(IAsyncResult iar, Func`2 endFunction, Action`1 endAction, Task`1 promise, Boolean requiresSynchronization)
--- End of stack trace from previous location where exception was thrown ---
   at Microsoft.AspNetCore.Server.Kestrel.Https.Internal.HttpsConnectionMiddleware.InnerOnConnectionAsync(ConnectionContext context)
2021-04-08 14:20:39.348 +02:00 [DBG] Connection id "0HM7QH2RVGQQ2" stopped.
2021-04-08 14:20:39.349 +02:00 [DBG] Connection id "0HM7QH2RVGQQ2" sending FIN because: "The Socket transport's send loop completed gracefully."
2021-04-08 14:20:39.454 +02:00 [DBG] Connection id "0HM7QH2RVGQQ3" accepted.
2021-04-08 14:20:39.476 +02:00 [DBG] Connection id "0HM7QH2RVGQQ3" started.
2021-04-08 14:20:39.510 +02:00 [DBG] Connection id "0HM7QH2RVGQQ3" received FIN.
2021-04-08 14:20:39.512 +02:00 [DBG] Failed to authenticate HTTPS connection.
System.Security.Authentication.AuthenticationException: Authentication failed, see inner exception.
 ---> System.ComponentModel.Win32Exception (0x80090327): An unknown error occurred while processing the certificate.
   --- End of inner exception stack trace ---
   at System.Net.Security.SslStream.StartSendAuthResetSignal(ProtocolToken message, AsyncProtocolRequest asyncRequest, ExceptionDispatchInfo exception)
   at System.Net.Security.SslStream.CheckCompletionBeforeNextReceive(ProtocolToken message, AsyncProtocolRequest asyncRequest)
   at System.Net.Security.SslStream.StartSendBlob(Byte[] incoming, Int32 count, AsyncProtocolRequest asyncRequest)
   at System.Net.Security.SslStream.ProcessReceivedBlob(Byte[] buffer, Int32 count, AsyncProtocolRequest asyncRequest)
   at System.Net.Security.SslStream.StartReadFrame(Byte[] buffer, Int32 readBytes, AsyncProtocolRequest asyncRequest)
   at System.Net.Security.SslStream.PartialFrameCallback(AsyncProtocolRequest asyncRequest)
--- End of stack trace from previous location where exception was thrown ---
   at System.Net.Security.SslStream.ThrowIfExceptional()
   at System.Net.Security.SslStream.InternalEndProcessAuthentication(LazyAsyncResult lazyResult)
   at System.Net.Security.SslStream.EndProcessAuthentication(IAsyncResult result)
   at System.Net.Security.SslStream.EndAuthenticateAsServer(IAsyncResult asyncResult)
   at System.Net.Security.SslStream.<>c.<AuthenticateAsServerAsync>b__69_1(IAsyncResult iar)
   at System.Threading.Tasks.TaskFactory`1.FromAsyncCoreLogic(IAsyncResult iar, Func`2 endFunction, Action`1 endAction, Task`1 promise, Boolean requiresSynchronization)
--- End of stack trace from previous location where exception was thrown ---
   at Microsoft.AspNetCore.Server.Kestrel.Https.Internal.HttpsConnectionMiddleware.InnerOnConnectionAsync(ConnectionContext context)
2021-04-08 14:20:39.522 +02:00 [DBG] Connection id "0HM7QH2RVGQQ3" stopped.
2021-04-08 14:20:39.530 +02:00 [DBG] Connection id "0HM7QH2RVGQQ3" sending FIN because: "The Socket transport's send loop completed gracefully."
2021-04-08 14:20:39.616 +02:00 [DBG] Connection id "0HM7QH2RVGQQ4" accepted.
2021-04-08 14:20:39.627 +02:00 [DBG] Connection id "0HM7QH2RVGQQ4" started.
2021-04-08 14:20:39.700 +02:00 [INF] Request starting HTTP/2 GET https://localhost:8085/swagger/index.html  
2021-04-08 14:20:39.706 +02:00 [DBG] Wildcard detected, all requests with hosts will be allowed.
2021-04-08 14:20:39.707 +02:00 [DBG] The host 'localhost' is excluded. Skipping HSTS header.
2021-04-08 14:20:39.722 +02:00 [DBG] The request path /swagger/index.html does not match an existing file
2021-04-08 14:20:39.752 +02:00 [DBG] AcceptLanguageHeaderRequestCultureProvider returned the following unsupported cultures '["en-US","en"]'.
2021-04-08 14:20:39.817 +02:00 [DBG] Connection id "0HM7QH2RVGQQ5" accepted.
2021-04-08 14:20:39.822 +02:00 [DBG] Connection id "0HM7QH2RVGQQ5" started.
2021-04-08 14:20:39.877 +02:00 [INF] Request finished in 179.1589ms 200 text/html;charset=utf-8
2021-04-08 14:20:39.906 +02:00 [INF] Request starting HTTP/2 GET https://localhost:8085/swagger/swagger-ui.css  
2021-04-08 14:20:39.906 +02:00 [INF] Request starting HTTP/2 GET https://localhost:8085/swagger/swagger-ui-bundle.js  
2021-04-08 14:20:39.906 +02:00 [INF] Request starting HTTP/2 GET https://localhost:8085/swagger/swagger-ui-standalone-preset.js  
2021-04-08 14:20:39.908 +02:00 [DBG] The host 'localhost' is excluded. Skipping HSTS header.
2021-04-08 14:20:39.912 +02:00 [DBG] The host 'localhost' is excluded. Skipping HSTS header.
2021-04-08 14:20:39.926 +02:00 [DBG] The host 'localhost' is excluded. Skipping HSTS header.
2021-04-08 14:20:39.943 +02:00 [DBG] The request path /swagger/swagger-ui.css does not match an existing file
2021-04-08 14:20:39.966 +02:00 [DBG] The request path /swagger/swagger-ui-bundle.js does not match an existing file
2021-04-08 14:20:39.967 +02:00 [DBG] The request path /swagger/swagger-ui-standalone-preset.js does not match an existing file
2021-04-08 14:20:39.974 +02:00 [DBG] AcceptLanguageHeaderRequestCultureProvider returned the following unsupported cultures '["en-US","en"]'.
2021-04-08 14:20:39.976 +02:00 [DBG] AcceptLanguageHeaderRequestCultureProvider returned the following unsupported cultures '["en-US","en"]'.
2021-04-08 14:20:39.981 +02:00 [DBG] AcceptLanguageHeaderRequestCultureProvider returned the following unsupported cultures '["en-US","en"]'.
2021-04-08 14:20:40.049 +02:00 [INF] Sending file. Request path: '/swagger-ui.css'. Physical path: 'N/A'
2021-04-08 14:20:40.055 +02:00 [INF] Sending file. Request path: '/swagger-ui-standalone-preset.js'. Physical path: 'N/A'
2021-04-08 14:20:40.072 +02:00 [INF] Request finished in 165.4896ms 200 text/css
2021-04-08 14:20:40.074 +02:00 [INF] Request finished in 168.3585ms 200 application/javascript
2021-04-08 14:20:40.099 +02:00 [INF] Sending file. Request path: '/swagger-ui-bundle.js'. Physical path: 'N/A'
2021-04-08 14:20:40.103 +02:00 [INF] Request finished in 196.9865ms 200 application/javascript
2021-04-08 14:20:40.231 +02:00 [INF] Request starting HTTP/2 GET https://localhost:8085/swagger/v1/swagger.json  
2021-04-08 14:20:40.233 +02:00 [DBG] The host 'localhost' is excluded. Skipping HSTS header.
2021-04-08 14:20:40.234 +02:00 [DBG] The request path /swagger/v1/swagger.json does not match an existing file
2021-04-08 14:20:40.236 +02:00 [DBG] AcceptLanguageHeaderRequestCultureProvider returned the following unsupported cultures '["en-US","en"]'.
2021-04-08 14:20:40.393 +02:00 [DBG] Connection id "0HM7QH2RVGQQ5" received FIN.
2021-04-08 14:20:40.402 +02:00 [DBG] Connection id "0HM7QH2RVGQQ5" is closed. The last processed stream ID was 0.
2021-04-08 14:20:40.405 +02:00 [DBG] Connection id "0HM7QH2RVGQQ5" sending FIN because: "The client closed the connection."
2021-04-08 14:20:40.422 +02:00 [DBG] Connection id "0HM7QH2RVGQQ5" stopped.
2021-04-08 14:20:41.077 +02:00 [INF] Request finished in 845.5835ms 200 application/json;charset=utf-8
2021-04-08 14:20:45.399 +02:00 [DBG] Connection id "0HM7QH2RVGQQ4" received FIN.
2021-04-08 14:20:45.403 +02:00 [DBG] Connection id "0HM7QH2RVGQQ4" is closed. The last processed stream ID was 9.
2021-04-08 14:20:45.406 +02:00 [DBG] Connection id "0HM7QH2RVGQQ4" sending FIN because: "The client closed the connection."
2021-04-08 14:20:45.415 +02:00 [DBG] Connection id "0HM7QH2RVGQQ4" stopped.
2021-04-08 14:20:54.578 +02:00 [DBG] Connection id "0HM7QH2RVGQQ6" accepted.
2021-04-08 14:20:54.580 +02:00 [DBG] Connection id "0HM7QH2RVGQQ6" started.
2021-04-08 14:20:54.584 +02:00 [DBG] Connection id "0HM7QH2RVGQQ6" received FIN.
2021-04-08 14:20:54.585 +02:00 [DBG] Failed to authenticate HTTPS connection.
System.Security.Authentication.AuthenticationException: Authentication failed, see inner exception.
 ---> System.ComponentModel.Win32Exception (0x80090327): An unknown error occurred while processing the certificate.
   --- End of inner exception stack trace ---
   at System.Net.Security.SslStream.StartSendAuthResetSignal(ProtocolToken message, AsyncProtocolRequest asyncRequest, ExceptionDispatchInfo exception)
   at System.Net.Security.SslStream.CheckCompletionBeforeNextReceive(ProtocolToken message, AsyncProtocolRequest asyncRequest)
   at System.Net.Security.SslStream.StartSendBlob(Byte[] incoming, Int32 count, AsyncProtocolRequest asyncRequest)
   at System.Net.Security.SslStream.ProcessReceivedBlob(Byte[] buffer, Int32 count, AsyncProtocolRequest asyncRequest)
   at System.Net.Security.SslStream.StartReadFrame(Byte[] buffer, Int32 readBytes, AsyncProtocolRequest asyncRequest)
   at System.Net.Security.SslStream.PartialFrameCallback(AsyncProtocolRequest asyncRequest)
--- End of stack trace from previous location where exception was thrown ---
   at System.Net.Security.SslStream.ThrowIfExceptional()
   at System.Net.Security.SslStream.InternalEndProcessAuthentication(LazyAsyncResult lazyResult)
   at System.Net.Security.SslStream.EndProcessAuthentication(IAsyncResult result)
   at System.Net.Security.SslStream.EndAuthenticateAsServer(IAsyncResult asyncResult)
   at System.Net.Security.SslStream.<>c.<AuthenticateAsServerAsync>b__69_1(IAsyncResult iar)
   at System.Threading.Tasks.TaskFactory`1.FromAsyncCoreLogic(IAsyncResult iar, Func`2 endFunction, Action`1 endAction, Task`1 promise, Boolean requiresSynchronization)
--- End of stack trace from previous location where exception was thrown ---
   at Microsoft.AspNetCore.Server.Kestrel.Https.Internal.HttpsConnectionMiddleware.InnerOnConnectionAsync(ConnectionContext context)
2021-04-08 14:20:54.617 +02:00 [DBG] Connection id "0HM7QH2RVGQQ6" stopped.
2021-04-08 14:20:54.618 +02:00 [DBG] Connection id "0HM7QH2RVGQQ6" sending FIN because: "The Socket transport's send loop completed gracefully."
2021-04-08 14:20:54.844 +02:00 [DBG] Connection id "0HM7QH2RVGQQ7" accepted.
2021-04-08 14:20:54.846 +02:00 [DBG] Connection id "0HM7QH2RVGQQ7" started.
2021-04-08 14:20:54.852 +02:00 [DBG] Connection id "0HM7QH2RVGQQ7" received FIN.
2021-04-08 14:20:54.853 +02:00 [DBG] Failed to authenticate HTTPS connection.
System.Security.Authentication.AuthenticationException: Authentication failed, see inner exception.
 ---> System.ComponentModel.Win32Exception (0x80090327): An unknown error occurred while processing the certificate.
   --- End of inner exception stack trace ---
   at System.Net.Security.SslStream.StartSendAuthResetSignal(ProtocolToken message, AsyncProtocolRequest asyncRequest, ExceptionDispatchInfo exception)
   at System.Net.Security.SslStream.CheckCompletionBeforeNextReceive(ProtocolToken message, AsyncProtocolRequest asyncRequest)
   at System.Net.Security.SslStream.StartSendBlob(Byte[] incoming, Int32 count, AsyncProtocolRequest asyncRequest)
   at System.Net.Security.SslStream.ProcessReceivedBlob(Byte[] buffer, Int32 count, AsyncProtocolRequest asyncRequest)
   at System.Net.Security.SslStream.StartReadFrame(Byte[] buffer, Int32 readBytes, AsyncProtocolRequest asyncRequest)
   at System.Net.Security.SslStream.PartialFrameCallback(AsyncProtocolRequest asyncRequest)
--- End of stack trace from previous location where exception was thrown ---
   at System.Net.Security.SslStream.ThrowIfExceptional()
   at System.Net.Security.SslStream.InternalEndProcessAuthentication(LazyAsyncResult lazyResult)
   at System.Net.Security.SslStream.EndProcessAuthentication(IAsyncResult result)
   at System.Net.Security.SslStream.EndAuthenticateAsServer(IAsyncResult asyncResult)
   at System.Net.Security.SslStream.<>c.<AuthenticateAsServerAsync>b__69_1(IAsyncResult iar)
   at System.Threading.Tasks.TaskFactory`1.FromAsyncCoreLogic(IAsyncResult iar, Func`2 endFunction, Action`1 endAction, Task`1 promise, Boolean requiresSynchronization)
--- End of stack trace from previous location where exception was thrown ---
   at Microsoft.AspNetCore.Server.Kestrel.Https.Internal.HttpsConnectionMiddleware.InnerOnConnectionAsync(ConnectionContext context)
2021-04-08 14:20:54.873 +02:00 [DBG] Connection id "0HM7QH2RVGQQ7" stopped.
2021-04-08 14:20:54.876 +02:00 [DBG] Connection id "0HM7QH2RVGQQ7" sending FIN because: "The Socket transport's send loop completed gracefully."
2021-04-08 14:20:54.899 +02:00 [DBG] Connection id "0HM7QH2RVGQQ8" accepted.
2021-04-08 14:20:54.902 +02:00 [DBG] Connection id "0HM7QH2RVGQQ8" started.
2021-04-08 14:20:54.910 +02:00 [INF] Request starting HTTP/2 DELETE https://localhost:8085/v1/authormanagement/delete?id=8ae32e14-0d7c-4e6c-945c-b8b1bd89ffb5  
2021-04-08 14:20:54.912 +02:00 [DBG] The host 'localhost' is excluded. Skipping HSTS header.
2021-04-08 14:20:54.913 +02:00 [DBG] DELETE requests are not supported
2021-04-08 14:20:54.931 +02:00 [DBG] AcceptLanguageHeaderRequestCultureProvider returned the following unsupported cultures '["en-US","en"]'.
2021-04-08 14:20:54.935 +02:00 [DBG] DELETE requests are not supported
2021-04-08 14:20:54.950 +02:00 [DBG] No candidates found for the request path '/v1/authormanagement/delete'
2021-04-08 14:20:54.953 +02:00 [DBG] Request did not match any endpoints
2021-04-08 14:20:55.043 +02:00 [DBG] AuthenticationScheme: Bearer was not authenticated.
2021-04-08 14:20:55.072 +02:00 [DBG] Request successfully matched the route with name 'null' and template 'v1/authormanagement/delete'
2021-04-08 14:20:55.117 +02:00 [INF] Route matched with {action = "Delete", controller = "Author"}. Executing controller action with signature System.Threading.Tasks.Task`1[Microsoft.AspNetCore.Mvc.ActionResult] Delete(System.Guid) on controller Devon4Net.WebAPI.Implementation.Business.AuthorManagement.Controllers.AuthorController (Devon4Net.WebAPI.Implementation).
2021-04-08 14:20:55.122 +02:00 [DBG] Execution plan of authorization filters (in the following order): ["Microsoft.AspNetCore.Mvc.Cors.CorsAuthorizationFilter (Order: -2147483548)"]
2021-04-08 14:20:55.124 +02:00 [DBG] Execution plan of resource filters (in the following order): ["Microsoft.AspNetCore.Mvc.ViewFeatures.Filters.SaveTempDataFilter"]
2021-04-08 14:20:55.126 +02:00 [DBG] Execution plan of action filters (in the following order): ["Microsoft.AspNetCore.Mvc.ModelBinding.UnsupportedContentTypeFilter (Order: -3000)","Microsoft.AspNetCore.Mvc.Infrastructure.ModelStateInvalidFilter (Order: -2000)"]
2021-04-08 14:20:55.128 +02:00 [DBG] Execution plan of exception filters (in the following order): ["None"]
2021-04-08 14:20:55.130 +02:00 [DBG] Execution plan of result filters (in the following order): ["Microsoft.AspNetCore.Mvc.ViewFeatures.Filters.SaveTempDataFilter","Microsoft.AspNetCore.Mvc.Infrastructure.ClientErrorResultFilter (Order: -2000)"]
2021-04-08 14:20:55.135 +02:00 [DBG] The request has an origin header: 'https://localhost:8085'.
2021-04-08 14:20:55.138 +02:00 [INF] CORS policy execution successful.
2021-04-08 14:20:55.145 +02:00 [DBG] Executing controller factory for controller Devon4Net.WebAPI.Implementation.Business.AuthorManagement.Controllers.AuthorController (Devon4Net.WebAPI.Implementation)
2021-04-08 14:20:55.165 +02:00 [DBG] Connection id "0HM7QH2RVGQQ9" accepted.
2021-04-08 14:20:55.168 +02:00 [DBG] Connection id "0HM7QH2RVGQQ9" started.
2021-04-08 14:20:55.328 +02:00 [DBG] An 'IServiceProvider' was created for internal use by Entity Framework.
2021-04-08 14:20:55.350 +02:00 [DBG] Executed controller factory for controller Devon4Net.WebAPI.Implementation.Business.AuthorManagement.Controllers.AuthorController (Devon4Net.WebAPI.Implementation)
2021-04-08 14:20:55.365 +02:00 [DBG] Attempting to bind parameter 'id' of type 'System.Guid' ...
2021-04-08 14:20:55.378 +02:00 [DBG] Attempting to bind parameter 'id' of type 'System.Guid' using the name 'id' in request data ...
2021-04-08 14:20:55.381 +02:00 [DBG] Done attempting to bind parameter 'id' of type 'System.Guid'.
2021-04-08 14:20:55.385 +02:00 [DBG] Done attempting to bind parameter 'id' of type 'System.Guid'.
2021-04-08 14:20:55.388 +02:00 [DBG] Attempting to validate the bound parameter 'id' of type 'System.Guid' ...
2021-04-08 14:20:55.395 +02:00 [DBG] Done attempting to validate the bound parameter 'id' of type 'System.Guid'.
2021-04-08 14:20:55.401 +02:00 [DBG] Connection id "0HM7QH2RVGQQ9" received FIN.
2021-04-08 14:20:55.402 +02:00 [DBG] Executing Delete from controller AuthorController
2021-04-08 14:20:55.402 +02:00 [DBG] Connection id "0HM7QH2RVGQQ9" is closed. The last processed stream ID was 0.
2021-04-08 14:20:55.410 +02:00 [DBG] Connection id "0HM7QH2RVGQQ9" sending FIN because: "The client closed the connection."
2021-04-08 14:20:55.411 +02:00 [DBG] Delete method from repository AuthorRepository with value : 8ae32e14-0d7c-4e6c-945c-b8b1bd89ffb5
2021-04-08 14:20:55.415 +02:00 [DBG] Connection id "0HM7QH2RVGQQ9" stopped.
2021-04-08 14:20:56.086 +02:00 [INF] Entity Framework Core 3.1.13 initialized 'AlejandriaContext' using provider 'Npgsql.EntityFrameworkCore.PostgreSQL' with options: None
2021-04-08 14:20:56.323 +02:00 [DBG] queryContext => new QueryingEnumerable<Author>(
    (RelationalQueryContext)queryContext, 
    RelationalCommandCache, 
    null, 
    ReaderColumn[] { ReaderColumn<Guid>, ReaderColumn<object>, ReaderColumn<object>, ReaderColumn<int>, ReaderColumn<object>, }, 
    Func<QueryContext, DbDataReader, ResultContext, int[], ResultCoordinator, Author>, 
    Devon4Net.WebAPI.Implementation.Domain.Database.AlejandriaContext, 
    null
)
2021-04-08 14:20:56.377 +02:00 [DBG] Creating DbCommand for 'ExecuteReader'.
2021-04-08 14:20:56.394 +02:00 [DBG] Created DbCommand for 'ExecuteReader' (17ms).
2021-04-08 14:20:56.408 +02:00 [DBG] Opening connection to database 'postgres' on server 'tcp://localhost:5432'.
2021-04-08 14:20:56.979 +02:00 [DBG] Opened connection to database 'postgres' on server 'tcp://localhost:5432'.
2021-04-08 14:20:56.993 +02:00 [DBG] Executing DbCommand [Parameters=[@__id_0='?' (DbType = Guid)], CommandType='"Text"', CommandTimeout='30']
SELECT a."Id", a."Email", a."Name", a."Phone", a."Surname"
FROM "Author" AS a
WHERE a."Id" = @__id_0
2021-04-08 14:20:57.022 +02:00 [INF] Executed DbCommand (31ms) [Parameters=[@__id_0='?' (DbType = Guid)], CommandType='"Text"', CommandTimeout='30']
SELECT a."Id", a."Email", a."Name", a."Phone", a."Surname"
FROM "Author" AS a
WHERE a."Id" = @__id_0
2021-04-08 14:20:57.054 +02:00 [DBG] A data reader was disposed.
2021-04-08 14:20:57.061 +02:00 [DBG] Closing connection to database 'postgres' on server 'tcp://localhost:5432'.
2021-04-08 14:20:57.071 +02:00 [DBG] Closed connection to database 'postgres' on server 'tcp://localhost:5432'.
2021-04-08 14:20:57.144 +02:00 [DBG] Context 'AlejandriaContext' started tracking 'Author' entity. Consider using 'DbContextOptionsBuilder.EnableSensitiveDataLogging' to see key values.
2021-04-08 14:20:57.157 +02:00 [DBG] An 'Author' entity tracked by 'AlejandriaContext' changed from '"Unchanged"' to '"Deleted"'. Consider using 'DbContextOptionsBuilder.EnableSensitiveDataLogging' to see key values.
2021-04-08 14:20:57.165 +02:00 [DBG] SaveChanges starting for 'AlejandriaContext'.
2021-04-08 14:20:57.188 +02:00 [DBG] Opening connection to database 'postgres' on server 'tcp://localhost:5432'.
2021-04-08 14:20:57.191 +02:00 [DBG] Opened connection to database 'postgres' on server 'tcp://localhost:5432'.
2021-04-08 14:20:57.194 +02:00 [DBG] Beginning transaction with isolation level 'Unspecified'.
2021-04-08 14:20:57.199 +02:00 [DBG] Began transaction with isolation level 'ReadCommitted'.
2021-04-08 14:20:57.245 +02:00 [DBG] Creating DbCommand for 'ExecuteReader'.
2021-04-08 14:20:57.247 +02:00 [DBG] Created DbCommand for 'ExecuteReader' (2ms).
2021-04-08 14:20:57.249 +02:00 [DBG] Executing DbCommand [Parameters=[@p0='?' (DbType = Guid)], CommandType='"Text"', CommandTimeout='30']
DELETE FROM "Author"
WHERE "Id" = @p0;
2021-04-08 14:20:57.274 +02:00 [INF] Executed DbCommand (25ms) [Parameters=[@p0='?' (DbType = Guid)], CommandType='"Text"', CommandTimeout='30']
DELETE FROM "Author"
WHERE "Id" = @p0;
2021-04-08 14:20:57.283 +02:00 [DBG] A data reader was disposed.
2021-04-08 14:20:57.290 +02:00 [DBG] Committing transaction.
2021-04-08 14:20:57.302 +02:00 [DBG] Committing transaction.
2021-04-08 14:20:57.306 +02:00 [DBG] Closing connection to database 'postgres' on server 'tcp://localhost:5432'.
2021-04-08 14:20:57.311 +02:00 [DBG] Closed connection to database 'postgres' on server 'tcp://localhost:5432'.
2021-04-08 14:20:57.314 +02:00 [DBG] Disposing transaction.
2021-04-08 14:20:57.326 +02:00 [DBG] An 'Author' entity tracked by 'AlejandriaContext' changed from '"Deleted"' to '"Detached"'. Consider using 'DbContextOptionsBuilder.EnableSensitiveDataLogging' to see key values.
2021-04-08 14:20:57.332 +02:00 [DBG] SaveChanges completed for 'AlejandriaContext' with 1 entities written to the database.
2021-04-08 14:20:57.343 +02:00 [DBG] List of registered output formatters, in the following order: ["Microsoft.AspNetCore.Mvc.Formatters.HttpNoContentOutputFormatter","Microsoft.AspNetCore.Mvc.Formatters.StringOutputFormatter","Microsoft.AspNetCore.Mvc.Formatters.StreamOutputFormatter","Microsoft.AspNetCore.Mvc.Formatters.SystemTextJsonOutputFormatter"]
2021-04-08 14:20:57.352 +02:00 [DBG] Attempting to select an output formatter based on Accept header '["text/plain"]'.
2021-04-08 14:20:57.356 +02:00 [DBG] Could not find an output formatter based on content negotiation. Accepted types were (["text/plain"])
2021-04-08 14:20:57.358 +02:00 [DBG] Attempting to select an output formatter without using a content type as no explicit content types were specified for the response.
2021-04-08 14:20:57.358 +02:00 [DBG] Attempting to select the first formatter in the output formatters list which can write the result.
2021-04-08 14:20:57.360 +02:00 [DBG] Selected output formatter 'Microsoft.AspNetCore.Mvc.Formatters.SystemTextJsonOutputFormatter' and content type 'application/json' to write the response.
2021-04-08 14:20:57.361 +02:00 [INF] Executing ObjectResult, writing value of type 'System.Guid'.
2021-04-08 14:20:57.376 +02:00 [INF] Executed action Devon4Net.WebAPI.Implementation.Business.AuthorManagement.Controllers.AuthorController.Delete (Devon4Net.WebAPI.Implementation) in 2240.1569ms
2021-04-08 14:20:57.384 +02:00 [DBG] 'AlejandriaContext' disposed.
2021-04-08 14:20:57.389 +02:00 [INF] Request finished in 2479.0358ms 201 application/json; charset=utf-8
2021-04-08 14:21:00.404 +02:00 [DBG] Connection id "0HM7QH2RVGQQ8" received FIN.
2021-04-08 14:21:00.406 +02:00 [DBG] Connection id "0HM7QH2RVGQQ8" is closed. The last processed stream ID was 1.
2021-04-08 14:21:00.408 +02:00 [DBG] Connection id "0HM7QH2RVGQQ8" sending FIN because: "The client closed the connection."
2021-04-08 14:21:00.417 +02:00 [DBG] Connection id "0HM7QH2RVGQQ8" stopped.
