2021-04-28 09:31:42.748 +02:00 [INF] Please setup your database in order to have the RabbitMq messaging backup feature
2021-04-28 09:31:43.221 +02:00 [INF] Please setup your database in order to have the RabbitMq messaging backup feature
2021-04-28 09:32:06.264 +02:00 [INF] Please setup your database in order to have the RabbitMq messaging backup feature
2021-04-28 09:32:07.067 +02:00 [INF] Please setup your database in order to have the RabbitMq messaging backup feature
2021-04-28 09:32:12.284 +02:00 [DBG] Hosting starting
2021-04-28 09:32:12.412 +02:00 [INF] User profile is available. Using 'C:\Users\jugalleg\AppData\Local\ASP.NET\DataProtection-Keys' as key repository and Windows DPAPI to encrypt keys at rest.
2021-04-28 09:32:12.553 +02:00 [DBG] Reading data from file 'C:\Users\jugalleg\AppData\Local\ASP.NET\DataProtection-Keys\key-760ee4eb-9dd8-44e3-93a8-71a1e7282097.xml'.
2021-04-28 09:32:12.602 +02:00 [DBG] Found key {760ee4eb-9dd8-44e3-93a8-71a1e7282097}.
2021-04-28 09:32:12.625 +02:00 [DBG] Considering key {760ee4eb-9dd8-44e3-93a8-71a1e7282097} with expiration date 2021-06-23 13:03:50Z as default key.
2021-04-28 09:32:12.640 +02:00 [DBG] Forwarded activator type request from Microsoft.AspNetCore.DataProtection.XmlEncryption.DpapiXmlDecryptor, Microsoft.AspNetCore.DataProtection, Version=3.1.13.0, Culture=neutral, PublicKeyToken=adb9793829ddae60 to Microsoft.AspNetCore.DataProtection.XmlEncryption.DpapiXmlDecryptor, Microsoft.AspNetCore.DataProtection, Culture=neutral, PublicKeyToken=adb9793829ddae60
2021-04-28 09:32:12.652 +02:00 [DBG] Decrypting secret element using Windows DPAPI.
2021-04-28 09:32:12.656 +02:00 [DBG] Forwarded activator type request from Microsoft.AspNetCore.DataProtection.AuthenticatedEncryption.ConfigurationModel.AuthenticatedEncryptorDescriptorDeserializer, Microsoft.AspNetCore.DataProtection, Version=3.1.13.0, Culture=neutral, PublicKeyToken=adb9793829ddae60 to Microsoft.AspNetCore.DataProtection.AuthenticatedEncryption.ConfigurationModel.AuthenticatedEncryptorDescriptorDeserializer, Microsoft.AspNetCore.DataProtection, Culture=neutral, PublicKeyToken=adb9793829ddae60
2021-04-28 09:32:12.663 +02:00 [DBG] Opening CNG algorithm 'AES' from provider 'null' with chaining mode CBC.
2021-04-28 09:32:12.671 +02:00 [DBG] Opening CNG algorithm 'SHA256' from provider 'null' with HMAC.
2021-04-28 09:32:12.678 +02:00 [DBG] Using key {760ee4eb-9dd8-44e3-93a8-71a1e7282097} as the default key.
2021-04-28 09:32:12.683 +02:00 [DBG] Key ring with default key {760ee4eb-9dd8-44e3-93a8-71a1e7282097} was loaded during application startup.
2021-04-28 09:32:12.803 +02:00 [DBG] Registered model binder providers, in the following order: ["Microsoft.AspNetCore.Mvc.ModelBinding.Binders.BinderTypeModelBinderProvider","Microsoft.AspNetCore.Mvc.ModelBinding.Binders.ServicesModelBinderProvider","Microsoft.AspNetCore.Mvc.ModelBinding.Binders.BodyModelBinderProvider","Microsoft.AspNetCore.Mvc.ModelBinding.Binders.HeaderModelBinderProvider","Microsoft.AspNetCore.Mvc.ModelBinding.Binders.FloatingPointTypeModelBinderProvider","Microsoft.AspNetCore.Mvc.ModelBinding.Binders.EnumTypeModelBinderProvider","Microsoft.AspNetCore.Mvc.ModelBinding.Binders.SimpleTypeModelBinderProvider","Microsoft.AspNetCore.Mvc.ModelBinding.Binders.CancellationTokenModelBinderProvider","Microsoft.AspNetCore.Mvc.ModelBinding.Binders.ByteArrayModelBinderProvider","Microsoft.AspNetCore.Mvc.ModelBinding.Binders.FormFileModelBinderProvider","Microsoft.AspNetCore.Mvc.ModelBinding.Binders.FormCollectionModelBinderProvider","Microsoft.AspNetCore.Mvc.ModelBinding.Binders.KeyValuePairModelBinderProvider","Microsoft.AspNetCore.Mvc.ModelBinding.Binders.DictionaryModelBinderProvider","Microsoft.AspNetCore.Mvc.ModelBinding.Binders.ArrayModelBinderProvider","Microsoft.AspNetCore.Mvc.ModelBinding.Binders.CollectionModelBinderProvider","Microsoft.AspNetCore.Mvc.ModelBinding.Binders.ComplexTypeModelBinderProvider"]
2021-04-28 09:32:12.848 +02:00 [DBG] Initializing Razor view compiler with no compiled views.
2021-04-28 09:32:12.901 +02:00 [DBG] Failed to locate the development https certificate at 'null'.
2021-04-28 09:32:12.909 +02:00 [WRN] Overriding address(es) 'https://localhost:8085'. Binding to endpoints defined in UseKestrel() instead.
2021-04-28 09:32:12.942 +02:00 [INF] Now listening on: https://0.0.0.0:8085
2021-04-28 09:32:12.943 +02:00 [DBG] Loaded hosting startup assembly Devon4Net.Application.WebAPI
2021-04-28 09:32:12.946 +02:00 [INF] Application started. Press Ctrl+C to shut down.
2021-04-28 09:32:12.949 +02:00 [INF] Hosting environment: Development
2021-04-28 09:32:12.952 +02:00 [INF] Content root path: C:\Juan\AlejandriaGit\Alejandria\source\Templates\WebAPI\Devon4Net.Application.WebAPI
2021-04-28 09:32:12.954 +02:00 [DBG] Hosting started
2021-04-28 09:32:12.970 +02:00 [DBG] Connection id "0HM8A2UUO73QP" received FIN.
2021-04-28 09:32:12.972 +02:00 [DBG] Connection id "0HM8A2UUO73QP" accepted.
2021-04-28 09:32:12.994 +02:00 [DBG] Connection id "0HM8A2UUO73QP" started.
2021-04-28 09:32:13.021 +02:00 [DBG] Failed to authenticate HTTPS connection.
System.IO.IOException: Authentication failed because the remote party has closed the transport stream.
   at System.Net.Security.SslStream.StartReadFrame(Byte[] buffer, Int32 readBytes, AsyncProtocolRequest asyncRequest)
   at System.Net.Security.SslStream.StartReceiveBlob(Byte[] buffer, AsyncProtocolRequest asyncRequest)
   at System.Net.Security.SslStream.ForceAuthentication(Boolean receiveFirst, Byte[] buffer, AsyncProtocolRequest asyncRequest)
   at System.Net.Security.SslStream.ProcessAuthentication(LazyAsyncResult lazyResult, CancellationToken cancellationToken)
   at System.Net.Security.SslStream.BeginAuthenticateAsServer(SslServerAuthenticationOptions sslServerAuthenticationOptions, CancellationToken cancellationToken, AsyncCallback asyncCallback, Object asyncState)
   at System.Net.Security.SslStream.<>c.<AuthenticateAsServerAsync>b__69_0(SslServerAuthenticationOptions arg1, CancellationToken arg2, AsyncCallback callback, Object state)
   at System.Threading.Tasks.TaskFactory`1.FromAsyncImpl[TArg1,TArg2](Func`5 beginMethod, Func`2 endFunction, Action`1 endAction, TArg1 arg1, TArg2 arg2, Object state, TaskCreationOptions creationOptions)
   at System.Threading.Tasks.TaskFactory.FromAsync[TArg1,TArg2](Func`5 beginMethod, Action`1 endMethod, TArg1 arg1, TArg2 arg2, Object state, TaskCreationOptions creationOptions)
   at System.Threading.Tasks.TaskFactory.FromAsync[TArg1,TArg2](Func`5 beginMethod, Action`1 endMethod, TArg1 arg1, TArg2 arg2, Object state)
   at System.Net.Security.SslStream.AuthenticateAsServerAsync(SslServerAuthenticationOptions sslServerAuthenticationOptions, CancellationToken cancellationToken)
   at Microsoft.AspNetCore.Server.Kestrel.Https.Internal.HttpsConnectionMiddleware.InnerOnConnectionAsync(ConnectionContext context)
2021-04-28 09:32:13.127 +02:00 [DBG] Connection id "0HM8A2UUO73QP" stopped.
2021-04-28 09:32:13.134 +02:00 [DBG] Connection id "0HM8A2UUO73QP" sending FIN because: "The Socket transport's send loop completed gracefully."
2021-04-28 09:32:14.122 +02:00 [DBG] Connection id "0HM8A2UUO73QQ" accepted.
2021-04-28 09:32:14.282 +02:00 [DBG] Connection id "0HM8A2UUO73QQ" started.
2021-04-28 09:32:14.297 +02:00 [DBG] Connection id "0HM8A2UUO73QR" accepted.
2021-04-28 09:32:14.308 +02:00 [DBG] Connection id "0HM8A2UUO73QR" started.
2021-04-28 09:32:14.352 +02:00 [DBG] Connection id "0HM8A2UUO73QS" accepted.
2021-04-28 09:32:14.380 +02:00 [DBG] Connection id "0HM8A2UUO73QS" started.
2021-04-28 09:32:14.524 +02:00 [DBG] Connection id "0HM8A2UUO73QR" received FIN.
2021-04-28 09:32:14.525 +02:00 [DBG] Connection id "0HM8A2UUO73QQ" received FIN.
2021-04-28 09:32:14.525 +02:00 [DBG] Connection id "0HM8A2UUO73QS" received FIN.
2021-04-28 09:32:14.536 +02:00 [DBG] Failed to authenticate HTTPS connection.
System.Security.Authentication.AuthenticationException: Authentication failed, see inner exception.
 ---> System.ComponentModel.Win32Exception (0x80090327): An unknown error occurred while processing the certificate.
   --- End of inner exception stack trace ---
   at System.Net.Security.SslStream.StartSendAuthResetSignal(ProtocolToken message, AsyncProtocolRequest asyncRequest, ExceptionDispatchInfo exception)
   at System.Net.Security.SslStream.CheckCompletionBeforeNextReceive(ProtocolToken message, AsyncProtocolRequest asyncRequest)
   at System.Net.Security.SslStream.StartSendBlob(Byte[] incoming, Int32 count, AsyncProtocolRequest asyncRequest)
   at System.Net.Security.SslStream.ProcessReceivedBlob(Byte[] buffer, Int32 count, AsyncProtocolRequest asyncRequest)
   at System.Net.Security.SslStream.StartReadFrame(Byte[] buffer, Int32 readBytes, AsyncProtocolRequest asyncRequest)
   at System.Net.Security.SslStream.PartialFrameCallback(AsyncProtocolRequest asyncRequest)
--- End of stack trace from previous location where exception was thrown ---
   at System.Net.Security.SslStream.ThrowIfExceptional()
   at System.Net.Security.SslStream.InternalEndProcessAuthentication(LazyAsyncResult lazyResult)
   at System.Net.Security.SslStream.EndProcessAuthentication(IAsyncResult result)
   at System.Net.Security.SslStream.EndAuthenticateAsServer(IAsyncResult asyncResult)
   at System.Net.Security.SslStream.<>c.<AuthenticateAsServerAsync>b__69_1(IAsyncResult iar)
   at System.Threading.Tasks.TaskFactory`1.FromAsyncCoreLogic(IAsyncResult iar, Func`2 endFunction, Action`1 endAction, Task`1 promise, Boolean requiresSynchronization)
--- End of stack trace from previous location where exception was thrown ---
   at Microsoft.AspNetCore.Server.Kestrel.Https.Internal.HttpsConnectionMiddleware.InnerOnConnectionAsync(ConnectionContext context)
2021-04-28 09:32:14.541 +02:00 [DBG] Failed to authenticate HTTPS connection.
System.Security.Authentication.AuthenticationException: Authentication failed, see inner exception.
 ---> System.ComponentModel.Win32Exception (0x80090327): An unknown error occurred while processing the certificate.
   --- End of inner exception stack trace ---
   at System.Net.Security.SslStream.StartSendAuthResetSignal(ProtocolToken message, AsyncProtocolRequest asyncRequest, ExceptionDispatchInfo exception)
   at System.Net.Security.SslStream.CheckCompletionBeforeNextReceive(ProtocolToken message, AsyncProtocolRequest asyncRequest)
   at System.Net.Security.SslStream.StartSendBlob(Byte[] incoming, Int32 count, AsyncProtocolRequest asyncRequest)
   at System.Net.Security.SslStream.ProcessReceivedBlob(Byte[] buffer, Int32 count, AsyncProtocolRequest asyncRequest)
   at System.Net.Security.SslStream.StartReadFrame(Byte[] buffer, Int32 readBytes, AsyncProtocolRequest asyncRequest)
   at System.Net.Security.SslStream.PartialFrameCallback(AsyncProtocolRequest asyncRequest)
--- End of stack trace from previous location where exception was thrown ---
   at System.Net.Security.SslStream.ThrowIfExceptional()
   at System.Net.Security.SslStream.InternalEndProcessAuthentication(LazyAsyncResult lazyResult)
   at System.Net.Security.SslStream.EndProcessAuthentication(IAsyncResult result)
   at System.Net.Security.SslStream.EndAuthenticateAsServer(IAsyncResult asyncResult)
   at System.Net.Security.SslStream.<>c.<AuthenticateAsServerAsync>b__69_1(IAsyncResult iar)
   at System.Threading.Tasks.TaskFactory`1.FromAsyncCoreLogic(IAsyncResult iar, Func`2 endFunction, Action`1 endAction, Task`1 promise, Boolean requiresSynchronization)
--- End of stack trace from previous location where exception was thrown ---
   at Microsoft.AspNetCore.Server.Kestrel.Https.Internal.HttpsConnectionMiddleware.InnerOnConnectionAsync(ConnectionContext context)
2021-04-28 09:32:14.739 +02:00 [DBG] Connection id "0HM8A2UUO73QS" stopped.
2021-04-28 09:32:14.539 +02:00 [DBG] Failed to authenticate HTTPS connection.
System.Security.Authentication.AuthenticationException: Authentication failed, see inner exception.
 ---> System.ComponentModel.Win32Exception (0x80090327): An unknown error occurred while processing the certificate.
   --- End of inner exception stack trace ---
   at System.Net.Security.SslStream.StartSendAuthResetSignal(ProtocolToken message, AsyncProtocolRequest asyncRequest, ExceptionDispatchInfo exception)
   at System.Net.Security.SslStream.CheckCompletionBeforeNextReceive(ProtocolToken message, AsyncProtocolRequest asyncRequest)
   at System.Net.Security.SslStream.StartSendBlob(Byte[] incoming, Int32 count, AsyncProtocolRequest asyncRequest)
   at System.Net.Security.SslStream.ProcessReceivedBlob(Byte[] buffer, Int32 count, AsyncProtocolRequest asyncRequest)
   at System.Net.Security.SslStream.StartReadFrame(Byte[] buffer, Int32 readBytes, AsyncProtocolRequest asyncRequest)
   at System.Net.Security.SslStream.PartialFrameCallback(AsyncProtocolRequest asyncRequest)
--- End of stack trace from previous location where exception was thrown ---
   at System.Net.Security.SslStream.ThrowIfExceptional()
   at System.Net.Security.SslStream.InternalEndProcessAuthentication(LazyAsyncResult lazyResult)
   at System.Net.Security.SslStream.EndProcessAuthentication(IAsyncResult result)
   at System.Net.Security.SslStream.EndAuthenticateAsServer(IAsyncResult asyncResult)
   at System.Net.Security.SslStream.<>c.<AuthenticateAsServerAsync>b__69_1(IAsyncResult iar)
   at System.Threading.Tasks.TaskFactory`1.FromAsyncCoreLogic(IAsyncResult iar, Func`2 endFunction, Action`1 endAction, Task`1 promise, Boolean requiresSynchronization)
--- End of stack trace from previous location where exception was thrown ---
   at Microsoft.AspNetCore.Server.Kestrel.Https.Internal.HttpsConnectionMiddleware.InnerOnConnectionAsync(ConnectionContext context)
2021-04-28 09:32:14.841 +02:00 [DBG] Connection id "0HM8A2UUO73QT" accepted.
2021-04-28 09:32:14.851 +02:00 [DBG] Connection id "0HM8A2UUO73QS" sending FIN because: "The Socket transport's send loop completed gracefully."
2021-04-28 09:32:14.844 +02:00 [DBG] Connection id "0HM8A2UUO73QQ" stopped.
2021-04-28 09:32:14.936 +02:00 [DBG] Connection id "0HM8A2UUO73QR" stopped.
2021-04-28 09:32:14.961 +02:00 [DBG] Connection id "0HM8A2UUO73QT" started.
2021-04-28 09:32:14.971 +02:00 [DBG] Connection id "0HM8A2UUO73QQ" sending FIN because: "The Socket transport's send loop completed gracefully."
2021-04-28 09:32:14.975 +02:00 [DBG] Connection id "0HM8A2UUO73QR" sending FIN because: "The Socket transport's send loop completed gracefully."
2021-04-28 09:32:15.313 +02:00 [DBG] Connection id "0HM8A2UUO73QU" accepted.
2021-04-28 09:32:15.321 +02:00 [DBG] Connection id "0HM8A2UUO73QU" started.
2021-04-28 09:32:15.425 +02:00 [INF] Request starting HTTP/1.1 GET https://localhost:8085/swagger/index.html  
2021-04-28 09:32:15.440 +02:00 [DBG] Wildcard detected, all requests with hosts will be allowed.
2021-04-28 09:32:15.457 +02:00 [DBG] The host 'localhost' is excluded. Skipping HSTS header.
2021-04-28 09:32:15.522 +02:00 [DBG] The request path /swagger/index.html does not match an existing file
2021-04-28 09:32:15.554 +02:00 [DBG] AcceptLanguageHeaderRequestCultureProvider returned the following unsupported cultures '["en-US","en"]'.
2021-04-28 09:32:16.019 +02:00 [DBG] Connection id "0HM8A2UUO73QT" completed keep alive response.
2021-04-28 09:32:16.093 +02:00 [INF] Request finished in 674.8319ms 200 text/html;charset=utf-8
2021-04-28 09:32:16.102 +02:00 [INF] Request starting HTTP/1.1 GET https://localhost:8085/swagger/swagger-ui-bundle.js  
2021-04-28 09:32:16.107 +02:00 [DBG] The host 'localhost' is excluded. Skipping HSTS header.
2021-04-28 09:32:16.117 +02:00 [DBG] The request path /swagger/swagger-ui-bundle.js does not match an existing file
2021-04-28 09:32:16.158 +02:00 [DBG] AcceptLanguageHeaderRequestCultureProvider returned the following unsupported cultures '["en-US","en"]'.
2021-04-28 09:32:16.225 +02:00 [INF] Request starting HTTP/1.1 GET https://localhost:8085/swagger/swagger-ui.css  
2021-04-28 09:32:16.256 +02:00 [DBG] The host 'localhost' is excluded. Skipping HSTS header.
2021-04-28 09:32:16.272 +02:00 [DBG] The request path /swagger/swagger-ui.css does not match an existing file
2021-04-28 09:32:16.302 +02:00 [DBG] AcceptLanguageHeaderRequestCultureProvider returned the following unsupported cultures '["en-US","en"]'.
2021-04-28 09:32:16.389 +02:00 [DBG] Connection id "0HM8A2UUO73QV" accepted.
2021-04-28 09:32:16.624 +02:00 [DBG] Connection id "0HM8A2UUO73QV" started.
2021-04-28 09:32:16.625 +02:00 [INF] Sending file. Request path: '/swagger-ui.css'. Physical path: 'N/A'
2021-04-28 09:32:16.964 +02:00 [INF] Sending file. Request path: '/swagger-ui-bundle.js'. Physical path: 'N/A'
2021-04-28 09:32:16.972 +02:00 [DBG] Connection id "0HM8A2UUO73QV" received FIN.
2021-04-28 09:32:16.974 +02:00 [DBG] Failed to authenticate HTTPS connection.
System.Security.Authentication.AuthenticationException: Authentication failed, see inner exception.
 ---> System.ComponentModel.Win32Exception (0x80090327): An unknown error occurred while processing the certificate.
   --- End of inner exception stack trace ---
   at System.Net.Security.SslStream.StartSendAuthResetSignal(ProtocolToken message, AsyncProtocolRequest asyncRequest, ExceptionDispatchInfo exception)
   at System.Net.Security.SslStream.CheckCompletionBeforeNextReceive(ProtocolToken message, AsyncProtocolRequest asyncRequest)
   at System.Net.Security.SslStream.StartSendBlob(Byte[] incoming, Int32 count, AsyncProtocolRequest asyncRequest)
   at System.Net.Security.SslStream.ProcessReceivedBlob(Byte[] buffer, Int32 count, AsyncProtocolRequest asyncRequest)
   at System.Net.Security.SslStream.StartReadFrame(Byte[] buffer, Int32 readBytes, AsyncProtocolRequest asyncRequest)
   at System.Net.Security.SslStream.PartialFrameCallback(AsyncProtocolRequest asyncRequest)
--- End of stack trace from previous location where exception was thrown ---
   at System.Net.Security.SslStream.ThrowIfExceptional()
   at System.Net.Security.SslStream.InternalEndProcessAuthentication(LazyAsyncResult lazyResult)
   at System.Net.Security.SslStream.EndProcessAuthentication(IAsyncResult result)
   at System.Net.Security.SslStream.EndAuthenticateAsServer(IAsyncResult asyncResult)
   at System.Net.Security.SslStream.<>c.<AuthenticateAsServerAsync>b__69_1(IAsyncResult iar)
   at System.Threading.Tasks.TaskFactory`1.FromAsyncCoreLogic(IAsyncResult iar, Func`2 endFunction, Action`1 endAction, Task`1 promise, Boolean requiresSynchronization)
--- End of stack trace from previous location where exception was thrown ---
   at Microsoft.AspNetCore.Server.Kestrel.Https.Internal.HttpsConnectionMiddleware.InnerOnConnectionAsync(ConnectionContext context)
2021-04-28 09:32:16.985 +02:00 [DBG] Connection id "0HM8A2UUO73QT" completed keep alive response.
2021-04-28 09:32:17.007 +02:00 [DBG] Connection id "0HM8A2UUO73QU" completed keep alive response.
2021-04-28 09:32:17.101 +02:00 [DBG] Connection id "0HM8A2UUO73QV" stopped.
2021-04-28 09:32:17.707 +02:00 [INF] Request finished in 1472.4787ms 200 text/css
2021-04-28 09:32:17.772 +02:00 [DBG] Connection id "0HM8A2UUO73QV" sending FIN because: "The Socket transport's send loop completed gracefully."
2021-04-28 09:32:17.773 +02:00 [INF] Request finished in 1656.925ms 200 application/javascript
2021-04-28 09:32:17.786 +02:00 [INF] Request starting HTTP/1.1 GET https://localhost:8085/swagger/swagger-ui-standalone-preset.js  
2021-04-28 09:32:17.830 +02:00 [DBG] The host 'localhost' is excluded. Skipping HSTS header.
2021-04-28 09:32:17.833 +02:00 [DBG] The request path /swagger/swagger-ui-standalone-preset.js does not match an existing file
2021-04-28 09:32:17.844 +02:00 [DBG] AcceptLanguageHeaderRequestCultureProvider returned the following unsupported cultures '["en-US","en"]'.
2021-04-28 09:32:17.896 +02:00 [INF] Sending file. Request path: '/swagger-ui-standalone-preset.js'. Physical path: 'N/A'
2021-04-28 09:32:17.910 +02:00 [DBG] Connection id "0HM8A2UUO73QT" completed keep alive response.
2021-04-28 09:32:17.917 +02:00 [INF] Request finished in 130.6943ms 200 application/javascript
2021-04-28 09:32:18.100 +02:00 [INF] Request starting HTTP/1.1 GET https://localhost:8085/swagger/v1/swagger.json  
2021-04-28 09:32:18.127 +02:00 [DBG] The host 'localhost' is excluded. Skipping HSTS header.
2021-04-28 09:32:18.355 +02:00 [DBG] The request path /swagger/v1/swagger.json does not match an existing file
2021-04-28 09:32:18.443 +02:00 [DBG] AcceptLanguageHeaderRequestCultureProvider returned the following unsupported cultures '["en-US","en"]'.
2021-04-28 09:32:21.719 +02:00 [DBG] Connection id "0HM8A2UUO73QU" received FIN.
2021-04-28 09:32:21.732 +02:00 [DBG] Connection id "0HM8A2UUO73QU" sending FIN because: "The client closed the connection."
2021-04-28 09:32:21.744 +02:00 [DBG] Connection id "0HM8A2UUO73QU" disconnecting.
2021-04-28 09:32:21.764 +02:00 [DBG] Connection id "0HM8A2UUO73QU" stopped.
2021-04-28 09:32:22.253 +02:00 [DBG] Connection id "0HM8A2UUO73QT" completed keep alive response.
2021-04-28 09:32:22.272 +02:00 [INF] Request finished in 4172.1306ms 200 application/json;charset=utf-8
2021-04-28 09:32:26.728 +02:00 [DBG] Connection id "0HM8A2UUO73QT" received FIN.
2021-04-28 09:32:26.732 +02:00 [DBG] Connection id "0HM8A2UUO73QT" disconnecting.
2021-04-28 09:32:26.737 +02:00 [DBG] Connection id "0HM8A2UUO73QT" sending FIN because: "The client closed the connection."
2021-04-28 09:32:26.744 +02:00 [DBG] Connection id "0HM8A2UUO73QT" stopped.
2021-04-28 09:33:29.583 +02:00 [DBG] Connection id "0HM8A2UUO73R0" accepted.
2021-04-28 09:33:29.590 +02:00 [DBG] Connection id "0HM8A2UUO73R0" started.
2021-04-28 09:33:29.602 +02:00 [DBG] Connection id "0HM8A2UUO73R0" received FIN.
2021-04-28 09:33:29.603 +02:00 [DBG] Failed to authenticate HTTPS connection.
System.Security.Authentication.AuthenticationException: Authentication failed, see inner exception.
 ---> System.ComponentModel.Win32Exception (0x80090327): An unknown error occurred while processing the certificate.
   --- End of inner exception stack trace ---
   at System.Net.Security.SslStream.StartSendAuthResetSignal(ProtocolToken message, AsyncProtocolRequest asyncRequest, ExceptionDispatchInfo exception)
   at System.Net.Security.SslStream.CheckCompletionBeforeNextReceive(ProtocolToken message, AsyncProtocolRequest asyncRequest)
   at System.Net.Security.SslStream.StartSendBlob(Byte[] incoming, Int32 count, AsyncProtocolRequest asyncRequest)
   at System.Net.Security.SslStream.ProcessReceivedBlob(Byte[] buffer, Int32 count, AsyncProtocolRequest asyncRequest)
   at System.Net.Security.SslStream.StartReadFrame(Byte[] buffer, Int32 readBytes, AsyncProtocolRequest asyncRequest)
   at System.Net.Security.SslStream.PartialFrameCallback(AsyncProtocolRequest asyncRequest)
--- End of stack trace from previous location where exception was thrown ---
   at System.Net.Security.SslStream.ThrowIfExceptional()
   at System.Net.Security.SslStream.InternalEndProcessAuthentication(LazyAsyncResult lazyResult)
   at System.Net.Security.SslStream.EndProcessAuthentication(IAsyncResult result)
   at System.Net.Security.SslStream.EndAuthenticateAsServer(IAsyncResult asyncResult)
   at System.Net.Security.SslStream.<>c.<AuthenticateAsServerAsync>b__69_1(IAsyncResult iar)
   at System.Threading.Tasks.TaskFactory`1.FromAsyncCoreLogic(IAsyncResult iar, Func`2 endFunction, Action`1 endAction, Task`1 promise, Boolean requiresSynchronization)
--- End of stack trace from previous location where exception was thrown ---
   at Microsoft.AspNetCore.Server.Kestrel.Https.Internal.HttpsConnectionMiddleware.InnerOnConnectionAsync(ConnectionContext context)
2021-04-28 09:33:29.638 +02:00 [DBG] Connection id "0HM8A2UUO73R0" stopped.
2021-04-28 09:33:29.641 +02:00 [DBG] Connection id "0HM8A2UUO73R0" sending FIN because: "The Socket transport's send loop completed gracefully."
2021-04-28 09:33:29.845 +02:00 [DBG] Connection id "0HM8A2UUO73R1" accepted.
2021-04-28 09:33:29.847 +02:00 [DBG] Connection id "0HM8A2UUO73R1" started.
2021-04-28 09:33:29.853 +02:00 [DBG] Connection id "0HM8A2UUO73R1" received FIN.
2021-04-28 09:33:29.854 +02:00 [DBG] Failed to authenticate HTTPS connection.
System.Security.Authentication.AuthenticationException: Authentication failed, see inner exception.
 ---> System.ComponentModel.Win32Exception (0x80090327): An unknown error occurred while processing the certificate.
   --- End of inner exception stack trace ---
   at System.Net.Security.SslStream.StartSendAuthResetSignal(ProtocolToken message, AsyncProtocolRequest asyncRequest, ExceptionDispatchInfo exception)
   at System.Net.Security.SslStream.CheckCompletionBeforeNextReceive(ProtocolToken message, AsyncProtocolRequest asyncRequest)
   at System.Net.Security.SslStream.StartSendBlob(Byte[] incoming, Int32 count, AsyncProtocolRequest asyncRequest)
   at System.Net.Security.SslStream.ProcessReceivedBlob(Byte[] buffer, Int32 count, AsyncProtocolRequest asyncRequest)
   at System.Net.Security.SslStream.StartReadFrame(Byte[] buffer, Int32 readBytes, AsyncProtocolRequest asyncRequest)
   at System.Net.Security.SslStream.PartialFrameCallback(AsyncProtocolRequest asyncRequest)
--- End of stack trace from previous location where exception was thrown ---
   at System.Net.Security.SslStream.ThrowIfExceptional()
   at System.Net.Security.SslStream.InternalEndProcessAuthentication(LazyAsyncResult lazyResult)
   at System.Net.Security.SslStream.EndProcessAuthentication(IAsyncResult result)
   at System.Net.Security.SslStream.EndAuthenticateAsServer(IAsyncResult asyncResult)
   at System.Net.Security.SslStream.<>c.<AuthenticateAsServerAsync>b__69_1(IAsyncResult iar)
   at System.Threading.Tasks.TaskFactory`1.FromAsyncCoreLogic(IAsyncResult iar, Func`2 endFunction, Action`1 endAction, Task`1 promise, Boolean requiresSynchronization)
--- End of stack trace from previous location where exception was thrown ---
   at Microsoft.AspNetCore.Server.Kestrel.Https.Internal.HttpsConnectionMiddleware.InnerOnConnectionAsync(ConnectionContext context)
2021-04-28 09:33:29.884 +02:00 [DBG] Connection id "0HM8A2UUO73R1" stopped.
2021-04-28 09:33:29.885 +02:00 [DBG] Connection id "0HM8A2UUO73R1" sending FIN because: "The Socket transport's send loop completed gracefully."
2021-04-28 09:33:29.909 +02:00 [DBG] Connection id "0HM8A2UUO73R2" accepted.
2021-04-28 09:33:29.912 +02:00 [DBG] Connection id "0HM8A2UUO73R2" started.
2021-04-28 09:33:29.919 +02:00 [INF] Request starting HTTP/1.1 GET https://localhost:8085/v1/bookmanagement/booksbytitle?title=Eva%20en%20casa  
2021-04-28 09:33:29.926 +02:00 [DBG] The host 'localhost' is excluded. Skipping HSTS header.
2021-04-28 09:33:29.932 +02:00 [DBG] The request path /v1/bookmanagement/booksbytitle does not match a supported file type
2021-04-28 09:33:29.935 +02:00 [DBG] AcceptLanguageHeaderRequestCultureProvider returned the following unsupported cultures '["en-US","en"]'.
2021-04-28 09:33:29.941 +02:00 [DBG] The request path  does not match the path filter
2021-04-28 09:33:29.961 +02:00 [DBG] No candidates found for the request path '/v1/bookmanagement/booksbytitle'
2021-04-28 09:33:29.963 +02:00 [DBG] Request did not match any endpoints
2021-04-28 09:33:30.023 +02:00 [DBG] AuthenticationScheme: Bearer was not authenticated.
2021-04-28 09:33:30.052 +02:00 [DBG] Request successfully matched the route with name 'null' and template 'v1/bookmanagement/booksbytitle'
2021-04-28 09:33:30.110 +02:00 [INF] Route matched with {action = "GetBookByTitle", controller = "Book"}. Executing controller action with signature System.Threading.Tasks.Task`1[Microsoft.AspNetCore.Mvc.ActionResult] GetBookByTitle(System.String) on controller Devon4Net.WebAPI.Implementation.Business.BookManagement.Controllers.BookController (Devon4Net.WebAPI.Implementation).
2021-04-28 09:33:30.114 +02:00 [DBG] Execution plan of authorization filters (in the following order): ["Microsoft.AspNetCore.Mvc.Cors.CorsAuthorizationFilter (Order: -2147483548)"]
2021-04-28 09:33:30.116 +02:00 [DBG] Execution plan of resource filters (in the following order): ["Microsoft.AspNetCore.Mvc.ViewFeatures.Filters.SaveTempDataFilter"]
2021-04-28 09:33:30.118 +02:00 [DBG] Execution plan of action filters (in the following order): ["Microsoft.AspNetCore.Mvc.ModelBinding.UnsupportedContentTypeFilter (Order: -3000)","Microsoft.AspNetCore.Mvc.Infrastructure.ModelStateInvalidFilter (Order: -2000)"]
2021-04-28 09:33:30.122 +02:00 [DBG] Execution plan of exception filters (in the following order): ["None"]
2021-04-28 09:33:30.125 +02:00 [DBG] Execution plan of result filters (in the following order): ["Microsoft.AspNetCore.Mvc.ViewFeatures.Filters.SaveTempDataFilter","Microsoft.AspNetCore.Mvc.Infrastructure.ClientErrorResultFilter (Order: -2000)"]
2021-04-28 09:33:30.129 +02:00 [DBG] Executing controller factory for controller Devon4Net.WebAPI.Implementation.Business.BookManagement.Controllers.BookController (Devon4Net.WebAPI.Implementation)
2021-04-28 09:33:30.169 +02:00 [DBG] Connection id "0HM8A2UUO73R3" accepted.
2021-04-28 09:33:30.172 +02:00 [DBG] Connection id "0HM8A2UUO73R3" started.
2021-04-28 09:33:30.319 +02:00 [DBG] An 'IServiceProvider' was created for internal use by Entity Framework.
2021-04-28 09:33:30.344 +02:00 [DBG] Executed controller factory for controller Devon4Net.WebAPI.Implementation.Business.BookManagement.Controllers.BookController (Devon4Net.WebAPI.Implementation)
2021-04-28 09:33:30.354 +02:00 [DBG] Attempting to bind parameter 'title' of type 'System.String' ...
2021-04-28 09:33:30.366 +02:00 [DBG] Attempting to bind parameter 'title' of type 'System.String' using the name 'title' in request data ...
2021-04-28 09:33:30.368 +02:00 [DBG] Done attempting to bind parameter 'title' of type 'System.String'.
2021-04-28 09:33:30.369 +02:00 [DBG] Done attempting to bind parameter 'title' of type 'System.String'.
2021-04-28 09:33:30.375 +02:00 [DBG] Attempting to validate the bound parameter 'title' of type 'System.String' ...
2021-04-28 09:33:30.380 +02:00 [DBG] Done attempting to validate the bound parameter 'title' of type 'System.String'.
2021-04-28 09:33:30.385 +02:00 [DBG] Executing GetBooksByTitle from controller BookController
2021-04-28 09:33:30.388 +02:00 [DBG] GetBookByTitle method from service Bookservice with value : Eva en casa
2021-04-28 09:33:30.394 +02:00 [DBG] GetBookByTitle method from repository BookRepository with value : Eva en casa
2021-04-28 09:33:31.125 +02:00 [INF] Entity Framework Core 3.1.13 initialized 'AlejandriaContext' using provider 'Npgsql.EntityFrameworkCore.PostgreSQL' with options: None
2021-04-28 09:33:31.375 +02:00 [DBG] queryContext => new QueryingEnumerable<Book>(
    (RelationalQueryContext)queryContext, 
    RelationalCommandCache, 
    null, 
    ReaderColumn[] { ReaderColumn<Guid>, ReaderColumn<object>, ReaderColumn<object>, ReaderColumn<object>, }, 
    Func<QueryContext, DbDataReader, ResultContext, int[], ResultCoordinator, Book>, 
    Devon4Net.WebAPI.Implementation.Domain.Database.AlejandriaContext, 
    null
)
2021-04-28 09:33:31.431 +02:00 [DBG] Creating DbCommand for 'ExecuteReader'.
2021-04-28 09:33:31.453 +02:00 [DBG] Created DbCommand for 'ExecuteReader' (19ms).
2021-04-28 09:33:31.467 +02:00 [DBG] Opening connection to database 'postgres' on server 'tcp://localhost:5432'.
2021-04-28 09:33:31.793 +02:00 [DBG] Connection id "0HM8A2UUO73R3" received FIN.
2021-04-28 09:33:31.796 +02:00 [DBG] Connection id "0HM8A2UUO73R3" sending FIN because: "The client closed the connection."
2021-04-28 09:33:31.798 +02:00 [DBG] Connection id "0HM8A2UUO73R3" disconnecting.
2021-04-28 09:33:31.800 +02:00 [DBG] Connection id "0HM8A2UUO73R3" stopped.
2021-04-28 09:33:32.033 +02:00 [DBG] Opened connection to database 'postgres' on server 'tcp://localhost:5432'.
2021-04-28 09:33:32.048 +02:00 [DBG] Executing DbCommand [Parameters=[@__title_0='?'], CommandType='"Text"', CommandTimeout='30']
SELECT b."Id", b."Genere", b."Summary", b."Title"
FROM "Book" AS b
WHERE b."Title" = @__title_0
2021-04-28 09:33:32.070 +02:00 [INF] Executed DbCommand (27ms) [Parameters=[@__title_0='?'], CommandType='"Text"', CommandTimeout='30']
SELECT b."Id", b."Genere", b."Summary", b."Title"
FROM "Book" AS b
WHERE b."Title" = @__title_0
2021-04-28 09:33:32.107 +02:00 [DBG] A data reader was disposed.
2021-04-28 09:33:32.113 +02:00 [DBG] Closing connection to database 'postgres' on server 'tcp://localhost:5432'.
2021-04-28 09:33:32.124 +02:00 [DBG] Closed connection to database 'postgres' on server 'tcp://localhost:5432'.
2021-04-28 09:33:32.135 +02:00 [DBG] List of registered output formatters, in the following order: ["Microsoft.AspNetCore.Mvc.Formatters.HttpNoContentOutputFormatter","Microsoft.AspNetCore.Mvc.Formatters.StringOutputFormatter","Microsoft.AspNetCore.Mvc.Formatters.StreamOutputFormatter","Microsoft.AspNetCore.Mvc.Formatters.SystemTextJsonOutputFormatter"]
2021-04-28 09:33:32.150 +02:00 [DBG] Attempting to select an output formatter based on Accept header '["text/plain"]'.
2021-04-28 09:33:32.155 +02:00 [DBG] Could not find an output formatter based on content negotiation. Accepted types were (["text/plain"])
2021-04-28 09:33:32.160 +02:00 [DBG] Attempting to select an output formatter without using a content type as no explicit content types were specified for the response.
2021-04-28 09:33:32.161 +02:00 [DBG] Attempting to select the first formatter in the output formatters list which can write the result.
2021-04-28 09:33:32.163 +02:00 [DBG] Selected output formatter 'Microsoft.AspNetCore.Mvc.Formatters.SystemTextJsonOutputFormatter' and content type 'application/json' to write the response.
2021-04-28 09:33:32.165 +02:00 [INF] Executing ObjectResult, writing value of type 'System.Linq.Enumerable+SelectListIterator`2[[Devon4Net.WebAPI.Implementation.Domain.Entities.Book, Devon4Net.WebAPI.Implementation, Version=3.1.5.0, Culture=neutral, PublicKeyToken=null],[Devon4Net.WebAPI.Implementation.Business.BookManagement.Dto.BookDto, Devon4Net.WebAPI.Implementation, Version=3.1.5.0, Culture=neutral, PublicKeyToken=null]]'.
2021-04-28 09:33:32.192 +02:00 [INF] Executed action Devon4Net.WebAPI.Implementation.Business.BookManagement.Controllers.BookController.GetBookByTitle (Devon4Net.WebAPI.Implementation) in 2058.7193ms
2021-04-28 09:33:32.197 +02:00 [DBG] Connection id "0HM8A2UUO73R2" completed keep alive response.
2021-04-28 09:33:32.205 +02:00 [DBG] 'AlejandriaContext' disposed.
2021-04-28 09:33:32.211 +02:00 [INF] Request finished in 2292.4874ms 200 application/json; charset=utf-8
2021-04-28 09:33:36.796 +02:00 [DBG] Connection id "0HM8A2UUO73R2" received FIN.
2021-04-28 09:33:36.801 +02:00 [DBG] Connection id "0HM8A2UUO73R2" sending FIN because: "The client closed the connection."
2021-04-28 09:33:36.805 +02:00 [DBG] Connection id "0HM8A2UUO73R2" disconnecting.
2021-04-28 09:33:36.807 +02:00 [DBG] Connection id "0HM8A2UUO73R2" stopped.
2021-04-28 09:33:44.240 +02:00 [DBG] Connection id "0HM8A2UUO73R4" accepted.
2021-04-28 09:33:44.242 +02:00 [DBG] Connection id "0HM8A2UUO73R4" started.
2021-04-28 09:33:44.245 +02:00 [DBG] Connection id "0HM8A2UUO73R4" received FIN.
2021-04-28 09:33:44.246 +02:00 [DBG] Failed to authenticate HTTPS connection.
System.Security.Authentication.AuthenticationException: Authentication failed, see inner exception.
 ---> System.ComponentModel.Win32Exception (0x80090327): An unknown error occurred while processing the certificate.
   --- End of inner exception stack trace ---
   at System.Net.Security.SslStream.StartSendAuthResetSignal(ProtocolToken message, AsyncProtocolRequest asyncRequest, ExceptionDispatchInfo exception)
   at System.Net.Security.SslStream.CheckCompletionBeforeNextReceive(ProtocolToken message, AsyncProtocolRequest asyncRequest)
   at System.Net.Security.SslStream.StartSendBlob(Byte[] incoming, Int32 count, AsyncProtocolRequest asyncRequest)
   at System.Net.Security.SslStream.ProcessReceivedBlob(Byte[] buffer, Int32 count, AsyncProtocolRequest asyncRequest)
   at System.Net.Security.SslStream.StartReadFrame(Byte[] buffer, Int32 readBytes, AsyncProtocolRequest asyncRequest)
   at System.Net.Security.SslStream.PartialFrameCallback(AsyncProtocolRequest asyncRequest)
--- End of stack trace from previous location where exception was thrown ---
   at System.Net.Security.SslStream.ThrowIfExceptional()
   at System.Net.Security.SslStream.InternalEndProcessAuthentication(LazyAsyncResult lazyResult)
   at System.Net.Security.SslStream.EndProcessAuthentication(IAsyncResult result)
   at System.Net.Security.SslStream.EndAuthenticateAsServer(IAsyncResult asyncResult)
   at System.Net.Security.SslStream.<>c.<AuthenticateAsServerAsync>b__69_1(IAsyncResult iar)
   at System.Threading.Tasks.TaskFactory`1.FromAsyncCoreLogic(IAsyncResult iar, Func`2 endFunction, Action`1 endAction, Task`1 promise, Boolean requiresSynchronization)
--- End of stack trace from previous location where exception was thrown ---
   at Microsoft.AspNetCore.Server.Kestrel.Https.Internal.HttpsConnectionMiddleware.InnerOnConnectionAsync(ConnectionContext context)
2021-04-28 09:33:44.274 +02:00 [DBG] Connection id "0HM8A2UUO73R4" stopped.
2021-04-28 09:33:44.275 +02:00 [DBG] Connection id "0HM8A2UUO73R4" sending FIN because: "The Socket transport's send loop completed gracefully."
2021-04-28 09:33:44.507 +02:00 [DBG] Connection id "0HM8A2UUO73R5" accepted.
2021-04-28 09:33:44.509 +02:00 [DBG] Connection id "0HM8A2UUO73R5" started.
2021-04-28 09:33:44.523 +02:00 [DBG] Connection id "0HM8A2UUO73R5" received FIN.
2021-04-28 09:33:44.524 +02:00 [DBG] Failed to authenticate HTTPS connection.
System.Security.Authentication.AuthenticationException: Authentication failed, see inner exception.
 ---> System.ComponentModel.Win32Exception (0x80090327): An unknown error occurred while processing the certificate.
   --- End of inner exception stack trace ---
   at System.Net.Security.SslStream.StartSendAuthResetSignal(ProtocolToken message, AsyncProtocolRequest asyncRequest, ExceptionDispatchInfo exception)
   at System.Net.Security.SslStream.CheckCompletionBeforeNextReceive(ProtocolToken message, AsyncProtocolRequest asyncRequest)
   at System.Net.Security.SslStream.StartSendBlob(Byte[] incoming, Int32 count, AsyncProtocolRequest asyncRequest)
   at System.Net.Security.SslStream.ProcessReceivedBlob(Byte[] buffer, Int32 count, AsyncProtocolRequest asyncRequest)
   at System.Net.Security.SslStream.StartReadFrame(Byte[] buffer, Int32 readBytes, AsyncProtocolRequest asyncRequest)
   at System.Net.Security.SslStream.PartialFrameCallback(AsyncProtocolRequest asyncRequest)
--- End of stack trace from previous location where exception was thrown ---
   at System.Net.Security.SslStream.ThrowIfExceptional()
   at System.Net.Security.SslStream.InternalEndProcessAuthentication(LazyAsyncResult lazyResult)
   at System.Net.Security.SslStream.EndProcessAuthentication(IAsyncResult result)
   at System.Net.Security.SslStream.EndAuthenticateAsServer(IAsyncResult asyncResult)
   at System.Net.Security.SslStream.<>c.<AuthenticateAsServerAsync>b__69_1(IAsyncResult iar)
   at System.Threading.Tasks.TaskFactory`1.FromAsyncCoreLogic(IAsyncResult iar, Func`2 endFunction, Action`1 endAction, Task`1 promise, Boolean requiresSynchronization)
--- End of stack trace from previous location where exception was thrown ---
   at Microsoft.AspNetCore.Server.Kestrel.Https.Internal.HttpsConnectionMiddleware.InnerOnConnectionAsync(ConnectionContext context)
2021-04-28 09:33:44.547 +02:00 [DBG] Connection id "0HM8A2UUO73R5" stopped.
2021-04-28 09:33:44.548 +02:00 [DBG] Connection id "0HM8A2UUO73R5" sending FIN because: "The Socket transport's send loop completed gracefully."
2021-04-28 09:33:44.555 +02:00 [DBG] Connection id "0HM8A2UUO73R6" accepted.
2021-04-28 09:33:44.559 +02:00 [DBG] Connection id "0HM8A2UUO73R6" started.
2021-04-28 09:33:44.566 +02:00 [INF] Request starting HTTP/1.1 GET https://localhost:8085/v1/bookmanagement/booksbygenere?genere=Cama  
2021-04-28 09:33:44.571 +02:00 [DBG] The host 'localhost' is excluded. Skipping HSTS header.
2021-04-28 09:33:44.572 +02:00 [DBG] The request path /v1/bookmanagement/booksbygenere does not match a supported file type
2021-04-28 09:33:44.576 +02:00 [DBG] AcceptLanguageHeaderRequestCultureProvider returned the following unsupported cultures '["en-US","en"]'.
2021-04-28 09:33:44.578 +02:00 [DBG] The request path  does not match the path filter
2021-04-28 09:33:44.579 +02:00 [DBG] No candidates found for the request path '/v1/bookmanagement/booksbygenere'
2021-04-28 09:33:44.579 +02:00 [DBG] Request did not match any endpoints
2021-04-28 09:33:44.581 +02:00 [DBG] AuthenticationScheme: Bearer was not authenticated.
2021-04-28 09:33:44.588 +02:00 [DBG] Request successfully matched the route with name 'null' and template 'v1/bookmanagement/booksbygenere'
2021-04-28 09:33:44.593 +02:00 [INF] Route matched with {action = "GetBookByGenere", controller = "Book"}. Executing controller action with signature System.Threading.Tasks.Task`1[Microsoft.AspNetCore.Mvc.ActionResult] GetBookByGenere(System.String) on controller Devon4Net.WebAPI.Implementation.Business.BookManagement.Controllers.BookController (Devon4Net.WebAPI.Implementation).
2021-04-28 09:33:44.596 +02:00 [DBG] Execution plan of authorization filters (in the following order): ["Microsoft.AspNetCore.Mvc.Cors.CorsAuthorizationFilter (Order: -2147483548)"]
2021-04-28 09:33:44.602 +02:00 [DBG] Execution plan of resource filters (in the following order): ["Microsoft.AspNetCore.Mvc.ViewFeatures.Filters.SaveTempDataFilter"]
2021-04-28 09:33:44.605 +02:00 [DBG] Execution plan of action filters (in the following order): ["Microsoft.AspNetCore.Mvc.ModelBinding.UnsupportedContentTypeFilter (Order: -3000)","Microsoft.AspNetCore.Mvc.Infrastructure.ModelStateInvalidFilter (Order: -2000)"]
2021-04-28 09:33:44.607 +02:00 [DBG] Execution plan of exception filters (in the following order): ["None"]
2021-04-28 09:33:44.608 +02:00 [DBG] Execution plan of result filters (in the following order): ["Microsoft.AspNetCore.Mvc.ViewFeatures.Filters.SaveTempDataFilter","Microsoft.AspNetCore.Mvc.Infrastructure.ClientErrorResultFilter (Order: -2000)"]
2021-04-28 09:33:44.610 +02:00 [DBG] Executing controller factory for controller Devon4Net.WebAPI.Implementation.Business.BookManagement.Controllers.BookController (Devon4Net.WebAPI.Implementation)
2021-04-28 09:33:44.612 +02:00 [DBG] Executed controller factory for controller Devon4Net.WebAPI.Implementation.Business.BookManagement.Controllers.BookController (Devon4Net.WebAPI.Implementation)
2021-04-28 09:33:44.621 +02:00 [DBG] Attempting to bind parameter 'genere' of type 'System.String' ...
2021-04-28 09:33:44.622 +02:00 [DBG] Attempting to bind parameter 'genere' of type 'System.String' using the name 'genere' in request data ...
2021-04-28 09:33:44.623 +02:00 [DBG] Done attempting to bind parameter 'genere' of type 'System.String'.
2021-04-28 09:33:44.624 +02:00 [DBG] Done attempting to bind parameter 'genere' of type 'System.String'.
2021-04-28 09:33:44.625 +02:00 [DBG] Attempting to validate the bound parameter 'genere' of type 'System.String' ...
2021-04-28 09:33:44.627 +02:00 [DBG] Done attempting to validate the bound parameter 'genere' of type 'System.String'.
2021-04-28 09:33:44.631 +02:00 [DBG] Executing GetBooksByTitle from controller BookController
2021-04-28 09:33:44.639 +02:00 [DBG] GetBookByGenere method from service Bookservice with value : Cama
2021-04-28 09:33:44.641 +02:00 [DBG] GetBookByTitle method from repository BookRepository with value : Cama
2021-04-28 09:33:44.644 +02:00 [INF] Entity Framework Core 3.1.13 initialized 'AlejandriaContext' using provider 'Npgsql.EntityFrameworkCore.PostgreSQL' with options: None
2021-04-28 09:33:44.656 +02:00 [DBG] queryContext => new QueryingEnumerable<Book>(
    (RelationalQueryContext)queryContext, 
    RelationalCommandCache, 
    null, 
    ReaderColumn[] { ReaderColumn<Guid>, ReaderColumn<object>, ReaderColumn<object>, ReaderColumn<object>, }, 
    Func<QueryContext, DbDataReader, ResultContext, int[], ResultCoordinator, Book>, 
    Devon4Net.WebAPI.Implementation.Domain.Database.AlejandriaContext, 
    null
)
2021-04-28 09:33:44.662 +02:00 [DBG] Creating DbCommand for 'ExecuteReader'.
2021-04-28 09:33:44.664 +02:00 [DBG] Created DbCommand for 'ExecuteReader' (2ms).
2021-04-28 09:33:44.668 +02:00 [DBG] Opening connection to database 'postgres' on server 'tcp://localhost:5432'.
2021-04-28 09:33:44.670 +02:00 [DBG] Opened connection to database 'postgres' on server 'tcp://localhost:5432'.
2021-04-28 09:33:44.671 +02:00 [DBG] Executing DbCommand [Parameters=[@__genere_0='?'], CommandType='"Text"', CommandTimeout='30']
SELECT b."Id", b."Genere", b."Summary", b."Title"
FROM "Book" AS b
WHERE b."Genere" = @__genere_0
2021-04-28 09:33:44.679 +02:00 [INF] Executed DbCommand (8ms) [Parameters=[@__genere_0='?'], CommandType='"Text"', CommandTimeout='30']
SELECT b."Id", b."Genere", b."Summary", b."Title"
FROM "Book" AS b
WHERE b."Genere" = @__genere_0
2021-04-28 09:33:44.689 +02:00 [DBG] A data reader was disposed.
2021-04-28 09:33:44.693 +02:00 [DBG] Closing connection to database 'postgres' on server 'tcp://localhost:5432'.
2021-04-28 09:33:44.696 +02:00 [DBG] Closed connection to database 'postgres' on server 'tcp://localhost:5432'.
2021-04-28 09:33:44.702 +02:00 [DBG] List of registered output formatters, in the following order: ["Microsoft.AspNetCore.Mvc.Formatters.HttpNoContentOutputFormatter","Microsoft.AspNetCore.Mvc.Formatters.StringOutputFormatter","Microsoft.AspNetCore.Mvc.Formatters.StreamOutputFormatter","Microsoft.AspNetCore.Mvc.Formatters.SystemTextJsonOutputFormatter"]
2021-04-28 09:33:44.710 +02:00 [DBG] Attempting to select an output formatter based on Accept header '["text/plain"]'.
2021-04-28 09:33:44.712 +02:00 [DBG] Could not find an output formatter based on content negotiation. Accepted types were (["text/plain"])
2021-04-28 09:33:44.718 +02:00 [DBG] Attempting to select an output formatter without using a content type as no explicit content types were specified for the response.
2021-04-28 09:33:44.720 +02:00 [DBG] Attempting to select the first formatter in the output formatters list which can write the result.
2021-04-28 09:33:44.724 +02:00 [DBG] Selected output formatter 'Microsoft.AspNetCore.Mvc.Formatters.SystemTextJsonOutputFormatter' and content type 'application/json' to write the response.
2021-04-28 09:33:44.729 +02:00 [INF] Executing ObjectResult, writing value of type 'System.Linq.Enumerable+SelectListIterator`2[[Devon4Net.WebAPI.Implementation.Domain.Entities.Book, Devon4Net.WebAPI.Implementation, Version=3.1.5.0, Culture=neutral, PublicKeyToken=null],[Devon4Net.WebAPI.Implementation.Business.BookManagement.Dto.BookDto, Devon4Net.WebAPI.Implementation, Version=3.1.5.0, Culture=neutral, PublicKeyToken=null]]'.
2021-04-28 09:33:44.733 +02:00 [INF] Executed action Devon4Net.WebAPI.Implementation.Business.BookManagement.Controllers.BookController.GetBookByGenere (Devon4Net.WebAPI.Implementation) in 122.6822ms
2021-04-28 09:33:44.740 +02:00 [DBG] Connection id "0HM8A2UUO73R6" completed keep alive response.
2021-04-28 09:33:44.744 +02:00 [DBG] 'AlejandriaContext' disposed.
2021-04-28 09:33:44.745 +02:00 [INF] Request finished in 179.7435ms 200 application/json; charset=utf-8
2021-04-28 09:33:44.833 +02:00 [DBG] Connection id "0HM8A2UUO73R7" accepted.
2021-04-28 09:33:44.839 +02:00 [DBG] Connection id "0HM8A2UUO73R7" started.
2021-04-28 09:33:46.812 +02:00 [DBG] Connection id "0HM8A2UUO73R6" received FIN.
2021-04-28 09:33:46.812 +02:00 [DBG] Connection id "0HM8A2UUO73R7" received FIN.
2021-04-28 09:33:46.815 +02:00 [DBG] Connection id "0HM8A2UUO73R6" disconnecting.
2021-04-28 09:33:46.817 +02:00 [DBG] Connection id "0HM8A2UUO73R7" disconnecting.
2021-04-28 09:33:46.818 +02:00 [DBG] Connection id "0HM8A2UUO73R6" sending FIN because: "The client closed the connection."
2021-04-28 09:33:46.819 +02:00 [DBG] Connection id "0HM8A2UUO73R7" sending FIN because: "The client closed the connection."
2021-04-28 09:33:46.823 +02:00 [DBG] Connection id "0HM8A2UUO73R6" stopped.
2021-04-28 09:33:46.835 +02:00 [DBG] Connection id "0HM8A2UUO73R7" stopped.
