2021-03-30 13:58:57.672 +02:00 [INF] Please setup your database in order to have the RabbitMq messaging backup feature
2021-03-30 13:58:58.454 +02:00 [INF] Please setup your database in order to have the RabbitMq messaging backup feature
2021-03-30 13:59:03.494 +02:00 [DBG] Hosting starting
2021-03-30 13:59:03.637 +02:00 [INF] User profile is available. Using 'C:\Users\jugalleg\AppData\Local\ASP.NET\DataProtection-Keys' as key repository and Windows DPAPI to encrypt keys at rest.
2021-03-30 13:59:04.049 +02:00 [DBG] Reading data from file 'C:\Users\jugalleg\AppData\Local\ASP.NET\DataProtection-Keys\key-760ee4eb-9dd8-44e3-93a8-71a1e7282097.xml'.
2021-03-30 13:59:04.126 +02:00 [DBG] Found key {760ee4eb-9dd8-44e3-93a8-71a1e7282097}.
2021-03-30 13:59:04.158 +02:00 [DBG] Considering key {760ee4eb-9dd8-44e3-93a8-71a1e7282097} with expiration date 2021-06-23 13:03:50Z as default key.
2021-03-30 13:59:04.180 +02:00 [DBG] Forwarded activator type request from Microsoft.AspNetCore.DataProtection.XmlEncryption.DpapiXmlDecryptor, Microsoft.AspNetCore.DataProtection, Version=3.1.13.0, Culture=neutral, PublicKeyToken=adb9793829ddae60 to Microsoft.AspNetCore.DataProtection.XmlEncryption.DpapiXmlDecryptor, Microsoft.AspNetCore.DataProtection, Culture=neutral, PublicKeyToken=adb9793829ddae60
2021-03-30 13:59:04.199 +02:00 [DBG] Decrypting secret element using Windows DPAPI.
2021-03-30 13:59:04.205 +02:00 [DBG] Forwarded activator type request from Microsoft.AspNetCore.DataProtection.AuthenticatedEncryption.ConfigurationModel.AuthenticatedEncryptorDescriptorDeserializer, Microsoft.AspNetCore.DataProtection, Version=3.1.13.0, Culture=neutral, PublicKeyToken=adb9793829ddae60 to Microsoft.AspNetCore.DataProtection.AuthenticatedEncryption.ConfigurationModel.AuthenticatedEncryptorDescriptorDeserializer, Microsoft.AspNetCore.DataProtection, Culture=neutral, PublicKeyToken=adb9793829ddae60
2021-03-30 13:59:04.217 +02:00 [DBG] Opening CNG algorithm 'AES' from provider 'null' with chaining mode CBC.
2021-03-30 13:59:04.227 +02:00 [DBG] Opening CNG algorithm 'SHA256' from provider 'null' with HMAC.
2021-03-30 13:59:04.237 +02:00 [DBG] Using key {760ee4eb-9dd8-44e3-93a8-71a1e7282097} as the default key.
2021-03-30 13:59:04.242 +02:00 [DBG] Key ring with default key {760ee4eb-9dd8-44e3-93a8-71a1e7282097} was loaded during application startup.
2021-03-30 13:59:04.462 +02:00 [DBG] Registered model binder providers, in the following order: ["Microsoft.AspNetCore.Mvc.ModelBinding.Binders.BinderTypeModelBinderProvider","Microsoft.AspNetCore.Mvc.ModelBinding.Binders.ServicesModelBinderProvider","Microsoft.AspNetCore.Mvc.ModelBinding.Binders.BodyModelBinderProvider","Microsoft.AspNetCore.Mvc.ModelBinding.Binders.HeaderModelBinderProvider","Microsoft.AspNetCore.Mvc.ModelBinding.Binders.FloatingPointTypeModelBinderProvider","Microsoft.AspNetCore.Mvc.ModelBinding.Binders.EnumTypeModelBinderProvider","Microsoft.AspNetCore.Mvc.ModelBinding.Binders.SimpleTypeModelBinderProvider","Microsoft.AspNetCore.Mvc.ModelBinding.Binders.CancellationTokenModelBinderProvider","Microsoft.AspNetCore.Mvc.ModelBinding.Binders.ByteArrayModelBinderProvider","Microsoft.AspNetCore.Mvc.ModelBinding.Binders.FormFileModelBinderProvider","Microsoft.AspNetCore.Mvc.ModelBinding.Binders.FormCollectionModelBinderProvider","Microsoft.AspNetCore.Mvc.ModelBinding.Binders.KeyValuePairModelBinderProvider","Microsoft.AspNetCore.Mvc.ModelBinding.Binders.DictionaryModelBinderProvider","Microsoft.AspNetCore.Mvc.ModelBinding.Binders.ArrayModelBinderProvider","Microsoft.AspNetCore.Mvc.ModelBinding.Binders.CollectionModelBinderProvider","Microsoft.AspNetCore.Mvc.ModelBinding.Binders.ComplexTypeModelBinderProvider"]
2021-03-30 13:59:04.533 +02:00 [DBG] Initializing Razor view compiler with no compiled views.
2021-03-30 13:59:04.617 +02:00 [DBG] Failed to locate the development https certificate at 'null'.
2021-03-30 13:59:04.631 +02:00 [WRN] Overriding address(es) 'https://localhost:8085'. Binding to endpoints defined in UseKestrel() instead.
2021-03-30 13:59:04.696 +02:00 [INF] Now listening on: https://0.0.0.0:8085
2021-03-30 13:59:04.698 +02:00 [DBG] Loaded hosting startup assembly Devon4Net.Application.WebAPI
2021-03-30 13:59:04.701 +02:00 [INF] Application started. Press Ctrl+C to shut down.
2021-03-30 13:59:04.703 +02:00 [INF] Hosting environment: Development
2021-03-30 13:59:04.706 +02:00 [INF] Content root path: C:\Juan\Projects\devon4net\source\Templates\WebAPI\Devon4Net.Application.WebAPI
2021-03-30 13:59:04.710 +02:00 [DBG] Hosting started
2021-03-30 13:59:04.759 +02:00 [DBG] Connection id "0HM7JECRKS9JM" received FIN.
2021-03-30 13:59:04.782 +02:00 [DBG] Connection id "0HM7JECRKS9JM" accepted.
2021-03-30 13:59:04.786 +02:00 [DBG] Connection id "0HM7JECRKS9JM" started.
2021-03-30 13:59:04.827 +02:00 [DBG] Failed to authenticate HTTPS connection.
System.IO.IOException: Authentication failed because the remote party has closed the transport stream.
   at System.Net.Security.SslStream.StartReadFrame(Byte[] buffer, Int32 readBytes, AsyncProtocolRequest asyncRequest)
   at System.Net.Security.SslStream.StartReceiveBlob(Byte[] buffer, AsyncProtocolRequest asyncRequest)
   at System.Net.Security.SslStream.ForceAuthentication(Boolean receiveFirst, Byte[] buffer, AsyncProtocolRequest asyncRequest)
   at System.Net.Security.SslStream.ProcessAuthentication(LazyAsyncResult lazyResult, CancellationToken cancellationToken)
   at System.Net.Security.SslStream.BeginAuthenticateAsServer(SslServerAuthenticationOptions sslServerAuthenticationOptions, CancellationToken cancellationToken, AsyncCallback asyncCallback, Object asyncState)
   at System.Net.Security.SslStream.<>c.<AuthenticateAsServerAsync>b__69_0(SslServerAuthenticationOptions arg1, CancellationToken arg2, AsyncCallback callback, Object state)
   at System.Threading.Tasks.TaskFactory`1.FromAsyncImpl[TArg1,TArg2](Func`5 beginMethod, Func`2 endFunction, Action`1 endAction, TArg1 arg1, TArg2 arg2, Object state, TaskCreationOptions creationOptions)
   at System.Threading.Tasks.TaskFactory.FromAsync[TArg1,TArg2](Func`5 beginMethod, Action`1 endMethod, TArg1 arg1, TArg2 arg2, Object state, TaskCreationOptions creationOptions)
   at System.Threading.Tasks.TaskFactory.FromAsync[TArg1,TArg2](Func`5 beginMethod, Action`1 endMethod, TArg1 arg1, TArg2 arg2, Object state)
   at System.Net.Security.SslStream.AuthenticateAsServerAsync(SslServerAuthenticationOptions sslServerAuthenticationOptions, CancellationToken cancellationToken)
   at Microsoft.AspNetCore.Server.Kestrel.Https.Internal.HttpsConnectionMiddleware.InnerOnConnectionAsync(ConnectionContext context)
2021-03-30 13:59:04.990 +02:00 [DBG] Connection id "0HM7JECRKS9JM" stopped.
2021-03-30 13:59:05.001 +02:00 [DBG] Connection id "0HM7JECRKS9JM" sending FIN because: "The Socket transport's send loop completed gracefully."
2021-03-30 13:59:06.150 +02:00 [DBG] Connection id "0HM7JECRKS9JN" accepted.
2021-03-30 13:59:06.152 +02:00 [DBG] Connection id "0HM7JECRKS9JN" started.
2021-03-30 13:59:06.299 +02:00 [DBG] Connection id "0HM7JECRKS9JN" received FIN.
2021-03-30 13:59:06.330 +02:00 [DBG] Failed to authenticate HTTPS connection.
System.Security.Authentication.AuthenticationException: Authentication failed, see inner exception.
 ---> System.ComponentModel.Win32Exception (0x80090327): An unknown error occurred while processing the certificate.
   --- End of inner exception stack trace ---
   at System.Net.Security.SslStream.StartSendAuthResetSignal(ProtocolToken message, AsyncProtocolRequest asyncRequest, ExceptionDispatchInfo exception)
   at System.Net.Security.SslStream.CheckCompletionBeforeNextReceive(ProtocolToken message, AsyncProtocolRequest asyncRequest)
   at System.Net.Security.SslStream.StartSendBlob(Byte[] incoming, Int32 count, AsyncProtocolRequest asyncRequest)
   at System.Net.Security.SslStream.ProcessReceivedBlob(Byte[] buffer, Int32 count, AsyncProtocolRequest asyncRequest)
   at System.Net.Security.SslStream.StartReadFrame(Byte[] buffer, Int32 readBytes, AsyncProtocolRequest asyncRequest)
   at System.Net.Security.SslStream.PartialFrameCallback(AsyncProtocolRequest asyncRequest)
--- End of stack trace from previous location where exception was thrown ---
   at System.Net.Security.SslStream.ThrowIfExceptional()
   at System.Net.Security.SslStream.InternalEndProcessAuthentication(LazyAsyncResult lazyResult)
   at System.Net.Security.SslStream.EndProcessAuthentication(IAsyncResult result)
   at System.Net.Security.SslStream.EndAuthenticateAsServer(IAsyncResult asyncResult)
   at System.Net.Security.SslStream.<>c.<AuthenticateAsServerAsync>b__69_1(IAsyncResult iar)
   at System.Threading.Tasks.TaskFactory`1.FromAsyncCoreLogic(IAsyncResult iar, Func`2 endFunction, Action`1 endAction, Task`1 promise, Boolean requiresSynchronization)
--- End of stack trace from previous location where exception was thrown ---
   at Microsoft.AspNetCore.Server.Kestrel.Https.Internal.HttpsConnectionMiddleware.InnerOnConnectionAsync(ConnectionContext context)
2021-03-30 13:59:06.405 +02:00 [DBG] Connection id "0HM7JECRKS9JO" accepted.
2021-03-30 13:59:06.416 +02:00 [DBG] Connection id "0HM7JECRKS9JN" stopped.
2021-03-30 13:59:06.416 +02:00 [DBG] Connection id "0HM7JECRKS9JO" started.
2021-03-30 13:59:06.423 +02:00 [DBG] Connection id "0HM7JECRKS9JN" sending FIN because: "The Socket transport's send loop completed gracefully."
2021-03-30 13:59:06.432 +02:00 [DBG] Connection id "0HM7JECRKS9JO" received FIN.
2021-03-30 13:59:06.434 +02:00 [DBG] Failed to authenticate HTTPS connection.
System.Security.Authentication.AuthenticationException: Authentication failed, see inner exception.
 ---> System.ComponentModel.Win32Exception (0x80090327): An unknown error occurred while processing the certificate.
   --- End of inner exception stack trace ---
   at System.Net.Security.SslStream.StartSendAuthResetSignal(ProtocolToken message, AsyncProtocolRequest asyncRequest, ExceptionDispatchInfo exception)
   at System.Net.Security.SslStream.CheckCompletionBeforeNextReceive(ProtocolToken message, AsyncProtocolRequest asyncRequest)
   at System.Net.Security.SslStream.StartSendBlob(Byte[] incoming, Int32 count, AsyncProtocolRequest asyncRequest)
   at System.Net.Security.SslStream.ProcessReceivedBlob(Byte[] buffer, Int32 count, AsyncProtocolRequest asyncRequest)
   at System.Net.Security.SslStream.StartReadFrame(Byte[] buffer, Int32 readBytes, AsyncProtocolRequest asyncRequest)
   at System.Net.Security.SslStream.PartialFrameCallback(AsyncProtocolRequest asyncRequest)
--- End of stack trace from previous location where exception was thrown ---
   at System.Net.Security.SslStream.ThrowIfExceptional()
   at System.Net.Security.SslStream.InternalEndProcessAuthentication(LazyAsyncResult lazyResult)
   at System.Net.Security.SslStream.EndProcessAuthentication(IAsyncResult result)
   at System.Net.Security.SslStream.EndAuthenticateAsServer(IAsyncResult asyncResult)
   at System.Net.Security.SslStream.<>c.<AuthenticateAsServerAsync>b__69_1(IAsyncResult iar)
   at System.Threading.Tasks.TaskFactory`1.FromAsyncCoreLogic(IAsyncResult iar, Func`2 endFunction, Action`1 endAction, Task`1 promise, Boolean requiresSynchronization)
--- End of stack trace from previous location where exception was thrown ---
   at Microsoft.AspNetCore.Server.Kestrel.Https.Internal.HttpsConnectionMiddleware.InnerOnConnectionAsync(ConnectionContext context)
2021-03-30 13:59:06.505 +02:00 [DBG] Connection id "0HM7JECRKS9JO" stopped.
2021-03-30 13:59:06.509 +02:00 [DBG] Connection id "0HM7JECRKS9JO" sending FIN because: "The Socket transport's send loop completed gracefully."
2021-03-30 13:59:06.623 +02:00 [DBG] Connection id "0HM7JECRKS9JP" accepted.
2021-03-30 13:59:06.625 +02:00 [DBG] Connection id "0HM7JECRKS9JP" started.
2021-03-30 13:59:06.741 +02:00 [DBG] Connection id "0HM7JECRKS9JQ" accepted.
2021-03-30 13:59:06.744 +02:00 [DBG] Connection id "0HM7JECRKS9JQ" started.
2021-03-30 13:59:06.830 +02:00 [INF] Request starting HTTP/2 GET https://localhost:8085/swagger/index.html  
2021-03-30 13:59:06.841 +02:00 [DBG] Wildcard detected, all requests with hosts will be allowed.
2021-03-30 13:59:06.844 +02:00 [DBG] The host 'localhost' is excluded. Skipping HSTS header.
2021-03-30 13:59:06.880 +02:00 [DBG] The request path /swagger/index.html does not match an existing file
2021-03-30 13:59:06.904 +02:00 [DBG] AcceptLanguageHeaderRequestCultureProvider returned the following unsupported cultures '["en-US","en"]'.
2021-03-30 13:59:07.153 +02:00 [INF] Request finished in 347.7006ms 200 text/html;charset=utf-8
2021-03-30 13:59:07.225 +02:00 [INF] Request starting HTTP/2 GET https://localhost:8085/swagger/swagger-ui-standalone-preset.js  
2021-03-30 13:59:07.225 +02:00 [INF] Request starting HTTP/2 GET https://localhost:8085/swagger/swagger-ui-bundle.js  
2021-03-30 13:59:07.225 +02:00 [INF] Request starting HTTP/2 GET https://localhost:8085/swagger/swagger-ui.css  
2021-03-30 13:59:07.233 +02:00 [DBG] The host 'localhost' is excluded. Skipping HSTS header.
2021-03-30 13:59:07.236 +02:00 [DBG] The host 'localhost' is excluded. Skipping HSTS header.
2021-03-30 13:59:07.247 +02:00 [DBG] The request path /swagger/swagger-ui-bundle.js does not match an existing file
2021-03-30 13:59:07.241 +02:00 [DBG] The request path /swagger/swagger-ui-standalone-preset.js does not match an existing file
2021-03-30 13:59:07.238 +02:00 [DBG] The host 'localhost' is excluded. Skipping HSTS header.
2021-03-30 13:59:07.253 +02:00 [DBG] AcceptLanguageHeaderRequestCultureProvider returned the following unsupported cultures '["en-US","en"]'.
2021-03-30 13:59:07.258 +02:00 [DBG] AcceptLanguageHeaderRequestCultureProvider returned the following unsupported cultures '["en-US","en"]'.
2021-03-30 13:59:07.264 +02:00 [DBG] The request path /swagger/swagger-ui.css does not match an existing file
2021-03-30 13:59:07.293 +02:00 [DBG] AcceptLanguageHeaderRequestCultureProvider returned the following unsupported cultures '["en-US","en"]'.
2021-03-30 13:59:07.404 +02:00 [INF] Sending file. Request path: '/swagger-ui.css'. Physical path: 'N/A'
2021-03-30 13:59:07.450 +02:00 [INF] Request finished in 224.6318ms 200 text/css
2021-03-30 13:59:07.473 +02:00 [INF] Sending file. Request path: '/swagger-ui-standalone-preset.js'. Physical path: 'N/A'
2021-03-30 13:59:07.571 +02:00 [INF] Request finished in 345.959ms 200 application/javascript
2021-03-30 13:59:07.612 +02:00 [INF] Sending file. Request path: '/swagger-ui-bundle.js'. Physical path: 'N/A'
2021-03-30 13:59:07.615 +02:00 [INF] Request finished in 390.6104ms 200 application/javascript
2021-03-30 13:59:08.059 +02:00 [INF] Request starting HTTP/2 GET https://localhost:8085/swagger/v1/swagger.json  
2021-03-30 13:59:08.080 +02:00 [DBG] The host 'localhost' is excluded. Skipping HSTS header.
2021-03-30 13:59:08.146 +02:00 [INF] Request starting HTTP/2 GET https://localhost:8085/swagger/favicon-32x32.png  
2021-03-30 13:59:08.151 +02:00 [DBG] The host 'localhost' is excluded. Skipping HSTS header.
2021-03-30 13:59:08.149 +02:00 [DBG] The request path /swagger/v1/swagger.json does not match an existing file
2021-03-30 13:59:08.177 +02:00 [DBG] The request path /swagger/favicon-32x32.png does not match an existing file
2021-03-30 13:59:08.185 +02:00 [DBG] AcceptLanguageHeaderRequestCultureProvider returned the following unsupported cultures '["en-US","en"]'.
2021-03-30 13:59:08.187 +02:00 [DBG] AcceptLanguageHeaderRequestCultureProvider returned the following unsupported cultures '["en-US","en"]'.
2021-03-30 13:59:08.198 +02:00 [INF] Sending file. Request path: '/favicon-32x32.png'. Physical path: 'N/A'
2021-03-30 13:59:08.200 +02:00 [INF] Request finished in 54.6823ms 200 image/png
2021-03-30 13:59:10.500 +02:00 [INF] Request finished in 2442.2858ms 200 application/json;charset=utf-8
2021-03-30 13:59:13.349 +02:00 [DBG] Connection id "0HM7JECRKS9JQ" received FIN.
2021-03-30 13:59:13.349 +02:00 [DBG] Connection id "0HM7JECRKS9JP" received FIN.
2021-03-30 13:59:13.356 +02:00 [DBG] Connection id "0HM7JECRKS9JP" sending FIN because: "The client closed the connection."
2021-03-30 13:59:13.363 +02:00 [DBG] Connection id "0HM7JECRKS9JQ" is closed. The last processed stream ID was 0.
2021-03-30 13:59:13.363 +02:00 [DBG] Connection id "0HM7JECRKS9JP" is closed. The last processed stream ID was 11.
2021-03-30 13:59:13.369 +02:00 [DBG] Connection id "0HM7JECRKS9JQ" sending FIN because: "The client closed the connection."
2021-03-30 13:59:13.374 +02:00 [DBG] Connection id "0HM7JECRKS9JP" stopped.
2021-03-30 13:59:13.392 +02:00 [DBG] Connection id "0HM7JECRKS9JQ" stopped.
